This file contains any messages produced by compilers while
running configure, to aid debugging if configure makes a mistake.

It was created by hypre configure 2.9.0b, which was
generated by GNU Autoconf 2.63.  Invocation command line was

  $ ./configure 

## --------- ##
## Platform. ##
## --------- ##

hostname = certainty-login-0-3
uname -m = x86_64
uname -r = 3.10.0-514.el7.x86_64
uname -s = Linux
uname -v = #1 SMP Tue Nov 22 16:42:41 UTC 2016

/usr/bin/uname -p = x86_64
/bin/uname -X     = unknown

/bin/arch              = x86_64
/usr/bin/arch -k       = unknown
/usr/convex/getsysinfo = unknown
/usr/bin/hostinfo      = unknown
/bin/machine           = unknown
/usr/bin/oslevel       = unknown
/bin/universe          = unknown

PATH: /home/ihme/oshende/local/cantera/2.4.0/bin
PATH: /home/ihme/oshende/local/miniconda/bin
PATH: /opt/ohpc/pub/apps/tecplot/360ex_2018r1/bin
PATH: /opt/ohpc/pub/compiler/intel-17/compilers_and_libraries_2017.4.196/linux/mpi/intel64/bin
PATH: /opt/ohpc/pub/mpi/mvapich2-intel/2.2/bin
PATH: /opt/ohpc/pub/compiler/intel-17/compilers_and_libraries_2017.4.196/linux/bin/intel64
PATH: /opt/ohpc/pub/compiler/intel-17/debugger_2017/gdb/intel64_mic/bin
PATH: /home/ihme/oshende/local/cantera/2.4.0/bin
PATH: /home/ihme/oshende/local/miniconda/bin
PATH: /opt/ohpc/pub/compiler/intel-18/vtune_amplifier_2018.1.0.535340/bin64
PATH: /opt/ohpc/pub/compiler/intel-18/compilers_and_libraries_2018.1.163/linux/mpi/intel64/bin
PATH: /opt/ohpc/pub/compiler/intel-18/itac/2018.1.017/intel64/bin
PATH: /opt/ohpc/pub/compiler/intel-18/inspector_2018.1.1.535159/bin64
PATH: /opt/ohpc/pub/compiler/intel-18/compilers_and_libraries_2018.1.163/linux/bin/intel64
PATH: /opt/ohpc/pub/compiler/gcc/7.2.0/bin
PATH: /opt/ohpc/pub/utils/cmake/3.9.2/bin
PATH: /home/ihme/oshende/local/scons/2.4.0/bin
PATH: /usr/local/bin
PATH: /usr/bin
PATH: /usr/local/sbin
PATH: /usr/sbin
PATH: /home/ihme/oshende/local/FlameMaster/FlameManLibs
PATH: /home/ihme/oshende/.local/bin
PATH: /home/ihme/oshende/bin


## ----------- ##
## Core tests. ##
## ----------- ##

configure:2078: checking build system type
configure:2096: result: x86_64-unknown-linux-gnu
configure:2122: checking host system type
configure:2137: result: x86_64-unknown-linux-gnu
configure:3004: checking for mpxlc
configure:3034: result: no
configure:3004: checking for mpixlc
configure:3034: result: no
configure:3004: checking for mpiicc
configure:3020: found /opt/ohpc/pub/compiler/intel-17/compilers_and_libraries_2017.4.196/linux/mpi/intel64/bin/mpiicc
configure:3031: result: mpiicc
configure:3193: checking for mpxlC
configure:3223: result: no
configure:3193: checking for mpixlcxx
configure:3223: result: no
configure:3193: checking for mpiicpc
configure:3209: found /opt/ohpc/pub/compiler/intel-17/compilers_and_libraries_2017.4.196/linux/mpi/intel64/bin/mpiicpc
configure:3220: result: mpiicpc
configure:3382: checking for mpxlf
configure:3412: result: no
configure:3382: checking for mpixlf77
configure:3412: result: no
configure:3382: checking for mpiifort
configure:3398: found /opt/ohpc/pub/compiler/intel-17/compilers_and_libraries_2017.4.196/linux/mpi/intel64/bin/mpiifort
configure:3409: result: mpiifort
configure:3429: checking whether make sets $(MAKE)
configure:3451: result: yes
configure:3503: checking for ranlib
configure:3519: found /usr/bin/ranlib
configure:3530: result: ranlib
configure:3862: checking for C compiler version
configure:3870: mpiicc --version >&5
icc (ICC) 17.0.4 20170411
Copyright (C) 1985-2017 Intel Corporation.  All rights reserved.

configure:3874: $? = 0
configure:3881: mpiicc -v >&5
mpiicc for the Intel(R) MPI Library 2017 Update 3 for Linux*
Copyright(C) 2003-2017, Intel Corporation.  All rights reserved.
icc version 17.0.4 (gcc version 7.2.0 compatibility)
configure:3885: $? = 0
configure:3892: mpiicc -V >&5
Intel(R) C Intel(R) 64 Compiler for applications running on Intel(R) 64, Version 17.0.4.196 Build 20170411
Copyright (C) 1985-2017 Intel Corporation.  All rights reserved.

configure:3896: $? = 0
configure:3919: checking for C compiler default output file name
configure:3941: mpiicc    conftest.c  >&5
configure:3945: $? = 0
configure:3983: result: a.out
configure:4002: checking whether the C compiler works
configure:4012: ./a.out
configure:4016: $? = 0
configure:4035: result: yes
configure:4042: checking whether we are cross compiling
configure:4044: result: no
configure:4047: checking for suffix of executables
configure:4054: mpiicc -o conftest    conftest.c  >&5
configure:4058: $? = 0
configure:4084: result: 
configure:4090: checking for suffix of object files
configure:4116: mpiicc -c   conftest.c >&5
configure:4120: $? = 0
configure:4145: result: o
configure:4149: checking whether we are using the GNU C compiler
configure:4178: mpiicc -c   conftest.c >&5
configure:4185: $? = 0
configure:4202: result: yes
configure:4211: checking whether mpiicc accepts -g
configure:4241: mpiicc -c -g  conftest.c >&5
configure:4248: $? = 0
configure:4349: result: yes
configure:4366: checking for mpiicc option to accept ISO C89
configure:4440: mpiicc  -c -g -O2  conftest.c >&5
configure:4447: $? = 0
configure:4470: result: none needed
configure:4604: checking for C++ compiler version
configure:4612: mpiicpc --version >&5
icpc (ICC) 17.0.4 20170411
Copyright (C) 1985-2017 Intel Corporation.  All rights reserved.

configure:4616: $? = 0
configure:4623: mpiicpc -v >&5
mpiicpc for the Intel(R) MPI Library 2017 Update 3 for Linux*
Copyright(C) 2003-2017, Intel Corporation.  All rights reserved.
icpc version 17.0.4 (gcc version 7.2.0 compatibility)
configure:4627: $? = 0
configure:4634: mpiicpc -V >&5
Intel(R) C++ Intel(R) 64 Compiler for applications running on Intel(R) 64, Version 17.0.4.196 Build 20170411
Copyright (C) 1985-2017 Intel Corporation.  All rights reserved.

configure:4638: $? = 0
configure:4641: checking whether we are using the GNU C++ compiler
configure:4670: mpiicpc -c   conftest.cpp >&5
configure:4677: $? = 0
configure:4694: result: yes
configure:4703: checking whether mpiicpc accepts -g
configure:4733: mpiicpc -c -g  conftest.cpp >&5
configure:4740: $? = 0
configure:4841: result: yes
configure:4974: checking for Fortran 77 compiler version
configure:4982: mpiifort --version >&5
ifort (IFORT) 17.0.4 20170411
Copyright (C) 1985-2017 Intel Corporation.  All rights reserved.

configure:4986: $? = 0
configure:4993: mpiifort -v >&5
mpiifort for the Intel(R) MPI Library 2017 Update 3 for Linux*
Copyright(C) 2003-2017, Intel Corporation.  All rights reserved.
ifort version 17.0.4
configure:4997: $? = 0
configure:5004: mpiifort -V >&5
Intel(R) Fortran Intel(R) 64 Compiler for applications running on Intel(R) 64, Version 17.0.4.196 Build 20170411
Copyright (C) 1985-2017 Intel Corporation.  All rights reserved.

configure:5008: $? = 0
configure:5016: checking whether we are using the GNU Fortran 77 compiler
configure:5035: mpiifort -c  conftest.F >&5
conftest.F(3): error #5082: Syntax error, found END-OF-STATEMENT when expecting one of: => = . [ % ( :
       choke me
---------------^
compilation aborted for conftest.F (code 1)
configure:5042: $? = 1
configure: failed program was:
|       program main
| #ifndef __GNUC__
|        choke me
| #endif
| 
|       end
configure:5059: result: no
configure:5065: checking whether mpiifort accepts -g
configure:5082: mpiifort -c -g conftest.f >&5
configure:5089: $? = 0
configure:5105: result: yes
configure:5139: checking how to get verbose linking output from mpiifort
configure:5155: mpiifort -c -g conftest.f >&5
configure:5162: $? = 0
configure:5184: mpiifort -o conftest -g -v conftest.f
mpiifort for the Intel(R) MPI Library 2017 Update 3 for Linux*
Copyright(C) 2003-2017, Intel Corporation.  All rights reserved.
ifort version 17.0.4
/opt/ohpc/pub/compiler/intel-17/compilers_and_libraries_2017.4.196/linux/bin/intel64/fortcom    -D__INTEL_COMPILER=1700 -D__INTEL_COMPILER_UPDATE=4 -D__unix__ -D__unix -D__linux__ -D__linux -D__gnu_linux__ -Dunix -Dlinux -D__ELF__ -D__x86_64 -D__x86_64__ -D__amd64 -D__amd64__ -D__INTEL_COMPILER_BUILD_DATE=20170411 -D__INTEL_OFFLOAD -D__i686 -D__i686__ -D__pentiumpro -D__pentiumpro__ -D__pentium4 -D__pentium4__ -D__tune_pentium4__ -D__SSE2__ -D__SSE2_MATH__ -D__SSE__ -D__SSE_MATH__ -D__MMX__ -mGLOB_pack_sort_init_list -I. -I/opt/ohpc/pub/compiler/intel-17/compilers_and_libraries_2017.4.196/linux/mpi/intel64/include -I/opt/ohpc/pub/compiler/intel-17/compilers_and_libraries_2017.4.196/linux/mpi/intel64/include -I/opt/ohpc/pub/compiler/intel-17/compilers_and_libraries_2017.4.196/linux/ipp/include -I/opt/ohpc/pub/compiler/intel-17/compilers_and_libraries_2017.4.196/linux/mkl/include -I/opt/ohpc/pub/compiler/intel-17/compilers_and_libraries_2017.4.196/linux/tbb/include -I/opt/ohpc/pub/compiler/intel-17/compilers_and_libraries_2017.4.196/linux/daal/include -I/opt/ohpc/pub/compiler/intel-18/compilers_and_libraries_2018.1.163/linux/tbb/include -I/opt/ohpc/pub/compiler/intel-18/compilers_and_libraries_2018.1.163/linux/mkl/include -I/opt/ohpc/pub/compiler/intel-18/compilers_and_libraries_2018.1.163/linux/ipp/include -I/opt/ohpc/pub/compiler/intel-18/compilers_and_libraries_2018.1.163/linux/pstl/include -I/opt/ohpc/pub/compiler/intel-18/compilers_and_libraries_2018.1.163/linux/daal/include -I/opt/ohpc/pub/compiler/intel-17/compilers_and_libraries_2017.4.196/linux/compiler/include/intel64 -I/opt/ohpc/pub/compiler/intel-17/compilers_and_libraries_2017.4.196/linux/compiler/include/icc -I/opt/ohpc/pub/compiler/intel-17/compilers_and_libraries_2017.4.196/linux/compiler/include -I/usr/local/include -I/opt/ohpc/pub/compiler/gcc/7.2.0/lib/gcc/x86_64-pc-linux-gnu/7.2.0/include -I/opt/ohpc/pub/compiler/gcc/7.2.0/lib/gcc/x86_64-pc-linux-gnu/7.2.0/include-fixed -I/opt/ohpc/pub/compiler/gcc/7.2.0/include/ -I/usr/include "-fp_modbits honor_f32_conversion" "-fp_modbits honor_f64_conversion" -O0 -g2 "-reentrancy threaded" -simd -offload_host -mGLOB_em64t=TRUE -mP1OPT_version=17.0-intel64 -mGLOB_diag_file=/tmp/ifortoLDG2h.diag -mGLOB_long_size_64 -mGLOB_routine_pointer_size_64 -mGLOB_source_language=GLOB_SOURCE_LANGUAGE_F90 -mP2OPT_static_promotion -mP1OPT_print_version=FALSE -mCG_use_gas_got_workaround=F -mP2OPT_align_option_used=TRUE -mGLOB_gcc_version=720 "-mGLOB_options_string=-I/opt/ohpc/pub/compiler/intel-17/compilers_and_libraries_2017.4.196/linux/mpi/intel64/include -I/opt/ohpc/pub/compiler/intel-17/compilers_and_libraries_2017.4.196/linux/mpi/intel64/include -o conftest -g -v -L/opt/ohpc/pub/compiler/intel-17/compilers_and_libraries_2017.4.196/linux/mpi/intel64/lib/debug_mt -L/opt/ohpc/pub/compiler/intel-17/compilers_and_libraries_2017.4.196/linux/mpi/intel64/lib -Xlinker --enable-new-dtags -Xlinker -rpath -Xlinker /opt/ohpc/pub/compiler/intel-17/compilers_and_libraries_2017.4.196/linux/mpi/intel64/lib/debug_mt -Xlinker -rpath -Xlinker /opt/ohpc/pub/compiler/intel-17/compilers_and_libraries_2017.4.196/linux/mpi/intel64/lib -Xlinker -rpath -Xlinker /opt/intel/mpi-rt/2017.0.0/intel64/lib/debug_mt -Xlinker -rpath -Xlinker /opt/intel/mpi-rt/2017.0.0/intel64/lib -lmpifort -lmpi -lmpigi -ldl -lrt -lpthread" -mGLOB_cxx_limited_range=FALSE -mCG_extend_parms=FALSE -mGLOB_compiler_bin_directory=/opt/ohpc/pub/compiler/intel-17/compilers_and_libraries_2017.4.196/linux/bin/intel64 -mP3OPT_emit_line_numbers -mP2OPT_suppress_unreferenced_locals=FALSE -mGLOB_debug_target=GLOB_DEBUG_TARGET_ALL -mDEBUG_info_level=2 -mDEBUG_use_indirect_strings=TRUE -mGLOB_debug_format=GLOB_DEBUG_FORMAT_DWARF40 -mGLOB_as_output_backup_file_name=/tmp/ifort2lQvQzas_.s -mGLOB_dashboard_use_source_name -mGLOB_instruction_tuning=0x0 -mGLOB_uarch_tuning=0x0 -mGLOB_product_id_code=0x22006d8f -mGLOB_maintain_errno -mGLOB_noinline_intrinsics -mGLOB_use_base_pointer=1 -mCG_bnl_movbe=T -mGLOB_extended_instructions=0x8 -mP3OPT_use_mspp_call_convention -mP2OPT_subs_out_of_bound=FALSE -mP2OPT_disam_type_based_disam=2 -mGLOB_ansi_alias -mIPOPT_ninl_limit=0 -mIPOPT_ninl_user_level=0 -mPGOPTI_value_profile_use=T -mGLOB_opt_report_use_source_name -mP2OPT_gen_linux_const_pooling=FALSE -mP2OPT_il0_array_sections=TRUE -mGLOB_offload_mode=1 -mP2OPT_offload_unique_var_string=ifort1249154053ezp2Qz -mGLOB_opt_level=0 -mIPOPT_args_in_regs=0 -mP2OPT_disam_assume_nonstd_intent_in=FALSE -mGLOB_imf_mapping_library=/opt/ohpc/pub/compiler/intel-17/compilers_and_libraries_2017.4.196/linux/bin/intel64/libiml_attr.so -mIPOPT_single_file_compile_and_link=TRUE -mP2OPT_hlo_embed_loopinfo -mPGOPTI_gen_threadsafe_level=0 -mIPOPT_lto_object_enabled -mIPOPT_lto_object_value=1 -mIPOPT_obj_output_file_name=/tmp/ifortoLDG2h.o -mIPOPT_whole_archive_fixup_file_name=/tmp/ifortwarchz4w1HR -mGLOB_linker_version=2.25.1 -mGLOB_driver_tempfile_name=/tmp/iforttempfilelcOnE0 -mP3OPT_asm_target=P3OPT_ASM_TARGET_GAS -mGLOB_async_unwind_tables=TRUE -mGLOB_obj_output_file=/tmp/ifortoLDG2h.o -mGLOB_source_dialect=GLOB_SOURCE_DIALECT_FORTRAN -mP1OPT_source_file_name=conftest.f -mP1OPT_full_source_file_name=/home/ihme/oshende/local/hypre-2.9.0b/src/conftest.f -mP2OPT_symtab_type_copy=true conftest.f
#include "..." search starts here:
#include <...> search starts here:
 .
 /opt/ohpc/pub/compiler/intel-17/compilers_and_libraries_2017.4.196/linux/mpi/intel64/include
 /opt/ohpc/pub/compiler/intel-17/compilers_and_libraries_2017.4.196/linux/mpi/intel64/include
 /opt/ohpc/pub/compiler/intel-17/compilers_and_libraries_2017.4.196/linux/ipp/include
 /opt/ohpc/pub/compiler/intel-17/compilers_and_libraries_2017.4.196/linux/mkl/include
 /opt/ohpc/pub/compiler/intel-17/compilers_and_libraries_2017.4.196/linux/tbb/include
 /opt/ohpc/pub/compiler/intel-17/compilers_and_libraries_2017.4.196/linux/daal/include
 /opt/ohpc/pub/compiler/intel-18/compilers_and_libraries_2018.1.163/linux/tbb/include
 /opt/ohpc/pub/compiler/intel-18/compilers_and_libraries_2018.1.163/linux/mkl/include
 /opt/ohpc/pub/compiler/intel-18/compilers_and_libraries_2018.1.163/linux/ipp/include
 /opt/ohpc/pub/compiler/intel-18/compilers_and_libraries_2018.1.163/linux/pstl/include
 /opt/ohpc/pub/compiler/intel-18/compilers_and_libraries_2018.1.163/linux/daal/include
 /opt/ohpc/pub/compiler/intel-17/compilers_and_libraries_2017.4.196/linux/compiler/include/intel64
 /opt/ohpc/pub/compiler/intel-17/compilers_and_libraries_2017.4.196/linux/compiler/include/icc
 /opt/ohpc/pub/compiler/intel-17/compilers_and_libraries_2017.4.196/linux/compiler/include
 /usr/local/include
 /opt/ohpc/pub/compiler/gcc/7.2.0/lib/gcc/x86_64-pc-linux-gnu/7.2.0/include
 /opt/ohpc/pub/compiler/gcc/7.2.0/lib/gcc/x86_64-pc-linux-gnu/7.2.0/include-fixed
 /opt/ohpc/pub/compiler/gcc/7.2.0/include/
 /usr/include
End of search list.
ld    /lib/../lib64/crt1.o /lib/../lib64/crti.o /opt/ohpc/pub/compiler/gcc/7.2.0/lib/gcc/x86_64-pc-linux-gnu/7.2.0/crtbegin.o --eh-frame-hdr --build-id -dynamic-linker /lib64/ld-linux-x86-64.so.2 -m elf_x86_64 -L/opt/ohpc/pub/compiler/intel-17/compilers_and_libraries_2017.4.196/linux/mpi/intel64/lib/debug_mt -L/opt/ohpc/pub/compiler/intel-17/compilers_and_libraries_2017.4.196/linux/mpi/intel64/lib -o conftest /opt/ohpc/pub/compiler/intel-17/compilers_and_libraries_2017.4.196/linux/compiler/lib/intel64_lin/for_main.o -L/opt/ohpc/pub/compiler/intel-17/compilers_and_libraries_2017.4.196/linux/ipp/lib/intel64 -L/opt/ohpc/pub/compiler/intel-17/compilers_and_libraries_2017.4.196/linux/compiler/lib/intel64_lin -L/opt/ohpc/pub/compiler/intel-17/compilers_and_libraries_2017.4.196/linux/mkl/lib/intel64_lin -L/opt/ohpc/pub/compiler/intel-17/compilers_and_libraries_2017.4.196/linux/tbb/lib/intel64/gcc4.7 -L/opt/ohpc/pub/compiler/intel-17/compilers_and_libraries_2017.4.196/linux/daal/lib/intel64_lin -L/opt/ohpc/pub/compiler/intel-17/compilers_and_libraries_2017.4.196/linux/tbb/lib/intel64_lin/gcc4.4 -L/opt/ohpc/pub/compiler/intel-18/compilers_and_libraries_2018.1.163/linux/tbb/lib/intel64/gcc4.1 -L/opt/ohpc/pub/compiler/intel-18/compilers_and_libraries_2018.1.163/linux/tbb/lib/intel64_lin/gcc4.1 -L/opt/ohpc/pub/compiler/intel-18/compilers_and_libraries_2018.1.163/linux/compiler/lib/intel64_lin -L/opt/ohpc/pub/compiler/intel-18/compilers_and_libraries_2018.1.163/linux/mkl/lib/intel64_lin -L/opt/ohpc/pub/compiler/intel-18/compilers_and_libraries_2018.1.163/linux/ipp/lib/intel64 -L/opt/ohpc/pub/compiler/intel-18/compilers_and_libraries_2018.1.163/linux/daal/lib/intel64_lin -L/opt/ohpc/pub/compiler/intel-18/compilers_and_libraries_2018.1.163/linux/tbb/lib/intel64_lin/gcc4.4 -L/opt/ohpc/pub/compiler/intel-17/compilers_and_libraries_2017.4.196/linux/compiler/lib/intel64_lin -L/opt/ohpc/pub/compiler/gcc/7.2.0/lib/gcc/x86_64-pc-linux-gnu/7.2.0/ -L/opt/ohpc/pub/compiler/gcc/7.2.0/lib/gcc/x86_64-pc-linux-gnu/7.2.0/../../../../lib64 -L/opt/ohpc/pub/compiler/gcc/7.2.0/lib/gcc/x86_64-pc-linux-gnu/7.2.0/../../../../lib64/ -L/lib/../lib64 -L/lib/../lib64/ -L/usr/lib/../lib64 -L/usr/lib/../lib64/ -L/opt/ohpc/pub/compiler/intel-17/compilers_and_libraries_2017.4.196/linux/ipp/lib/intel64/ -L/opt/ohpc/pub/compiler/intel-17/compilers_and_libraries_2017.4.196/linux/compiler/lib/intel64_lin/ -L/opt/ohpc/pub/compiler/intel-17/compilers_and_libraries_2017.4.196/linux/mkl/lib/intel64_lin/ -L/opt/ohpc/pub/compiler/intel-17/compilers_and_libraries_2017.4.196/linux/tbb/lib/intel64/gcc4.7/ -L/opt/ohpc/pub/compiler/intel-17/compilers_and_libraries_2017.4.196/linux/daal/lib/intel64_lin/ -L/opt/ohpc/pub/compiler/intel-17/compilers_and_libraries_2017.4.196/linux/tbb/lib/intel64_lin/gcc4.4/ -L/opt/ohpc/pub/compiler/intel-18/compilers_and_libraries_2018.1.163/linux/tbb/lib/intel64/gcc4.1/ -L/opt/ohpc/pub/compiler/intel-18/compilers_and_libraries_2018.1.163/linux/tbb/lib/intel64_lin/gcc4.1/ -L/opt/ohpc/pub/compiler/intel-18/compilers_and_libraries_2018.1.163/linux/compiler/lib/intel64_lin/ -L/opt/ohpc/pub/compiler/intel-18/compilers_and_libraries_2018.1.163/linux/mkl/lib/intel64_lin/ -L/opt/ohpc/pub/compiler/intel-18/compilers_and_libraries_2018.1.163/linux/ipp/lib/intel64/ -L/opt/ohpc/pub/compiler/intel-18/compilers_and_libraries_2018.1.163/linux/daal/lib/intel64_lin/ -L/opt/ohpc/pub/compiler/intel-18/compilers_and_libraries_2018.1.163/linux/tbb/lib/intel64_lin/gcc4.4/ -L/opt/ohpc/pub/compiler/gcc/7.2.0/lib/gcc/x86_64-pc-linux-gnu/7.2.0/../../../ -L/lib64 -L/lib/ -L/usr/lib64 -L/usr/lib /tmp/ifortoLDG2h.o --enable-new-dtags -rpath /opt/ohpc/pub/compiler/intel-17/compilers_and_libraries_2017.4.196/linux/mpi/intel64/lib/debug_mt -rpath /opt/ohpc/pub/compiler/intel-17/compilers_and_libraries_2017.4.196/linux/mpi/intel64/lib -rpath /opt/intel/mpi-rt/2017.0.0/intel64/lib/debug_mt -rpath /opt/intel/mpi-rt/2017.0.0/intel64/lib -lmpifort -lmpi -lmpigi -ldl -lrt -lpthread -Bdynamic -Bstatic -lifport -lifcoremt -limf -lsvml -Bdynamic -lm -Bstatic -lipgo -lirc -Bdynamic -lpthread -Bstatic -lsvml -Bdynamic -lc -lgcc -lgcc_s -Bstatic -lirc_s -Bdynamic -ldl -lc /opt/ohpc/pub/compiler/gcc/7.2.0/lib/gcc/x86_64-pc-linux-gnu/7.2.0/crtend.o /lib/../lib64/crtn.o
configure:5253: result: -v
configure:5255: checking for Fortran 77 libraries of mpiifort
configure:5278: mpiifort -o conftest -g -v conftest.f
mpiifort for the Intel(R) MPI Library 2017 Update 3 for Linux*
Copyright(C) 2003-2017, Intel Corporation.  All rights reserved.
ifort version 17.0.4
/opt/ohpc/pub/compiler/intel-17/compilers_and_libraries_2017.4.196/linux/bin/intel64/fortcom    -D__INTEL_COMPILER=1700 -D__INTEL_COMPILER_UPDATE=4 -D__unix__ -D__unix -D__linux__ -D__linux -D__gnu_linux__ -Dunix -Dlinux -D__ELF__ -D__x86_64 -D__x86_64__ -D__amd64 -D__amd64__ -D__INTEL_COMPILER_BUILD_DATE=20170411 -D__INTEL_OFFLOAD -D__i686 -D__i686__ -D__pentiumpro -D__pentiumpro__ -D__pentium4 -D__pentium4__ -D__tune_pentium4__ -D__SSE2__ -D__SSE2_MATH__ -D__SSE__ -D__SSE_MATH__ -D__MMX__ -mGLOB_pack_sort_init_list -I. -I/opt/ohpc/pub/compiler/intel-17/compilers_and_libraries_2017.4.196/linux/mpi/intel64/include -I/opt/ohpc/pub/compiler/intel-17/compilers_and_libraries_2017.4.196/linux/mpi/intel64/include -I/opt/ohpc/pub/compiler/intel-17/compilers_and_libraries_2017.4.196/linux/ipp/include -I/opt/ohpc/pub/compiler/intel-17/compilers_and_libraries_2017.4.196/linux/mkl/include -I/opt/ohpc/pub/compiler/intel-17/compilers_and_libraries_2017.4.196/linux/tbb/include -I/opt/ohpc/pub/compiler/intel-17/compilers_and_libraries_2017.4.196/linux/daal/include -I/opt/ohpc/pub/compiler/intel-18/compilers_and_libraries_2018.1.163/linux/tbb/include -I/opt/ohpc/pub/compiler/intel-18/compilers_and_libraries_2018.1.163/linux/mkl/include -I/opt/ohpc/pub/compiler/intel-18/compilers_and_libraries_2018.1.163/linux/ipp/include -I/opt/ohpc/pub/compiler/intel-18/compilers_and_libraries_2018.1.163/linux/pstl/include -I/opt/ohpc/pub/compiler/intel-18/compilers_and_libraries_2018.1.163/linux/daal/include -I/opt/ohpc/pub/compiler/intel-17/compilers_and_libraries_2017.4.196/linux/compiler/include/intel64 -I/opt/ohpc/pub/compiler/intel-17/compilers_and_libraries_2017.4.196/linux/compiler/include/icc -I/opt/ohpc/pub/compiler/intel-17/compilers_and_libraries_2017.4.196/linux/compiler/include -I/usr/local/include -I/opt/ohpc/pub/compiler/gcc/7.2.0/lib/gcc/x86_64-pc-linux-gnu/7.2.0/include -I/opt/ohpc/pub/compiler/gcc/7.2.0/lib/gcc/x86_64-pc-linux-gnu/7.2.0/include-fixed -I/opt/ohpc/pub/compiler/gcc/7.2.0/include/ -I/usr/include "-fp_modbits honor_f32_conversion" "-fp_modbits honor_f64_conversion" -O0 -g2 "-reentrancy threaded" -simd -offload_host -mGLOB_em64t=TRUE -mP1OPT_version=17.0-intel64 -mGLOB_diag_file=/tmp/ifort2p3gpV.diag -mGLOB_long_size_64 -mGLOB_routine_pointer_size_64 -mGLOB_source_language=GLOB_SOURCE_LANGUAGE_F90 -mP2OPT_static_promotion -mP1OPT_print_version=FALSE -mCG_use_gas_got_workaround=F -mP2OPT_align_option_used=TRUE -mGLOB_gcc_version=720 "-mGLOB_options_string=-I/opt/ohpc/pub/compiler/intel-17/compilers_and_libraries_2017.4.196/linux/mpi/intel64/include -I/opt/ohpc/pub/compiler/intel-17/compilers_and_libraries_2017.4.196/linux/mpi/intel64/include -o conftest -g -v -L/opt/ohpc/pub/compiler/intel-17/compilers_and_libraries_2017.4.196/linux/mpi/intel64/lib/debug_mt -L/opt/ohpc/pub/compiler/intel-17/compilers_and_libraries_2017.4.196/linux/mpi/intel64/lib -Xlinker --enable-new-dtags -Xlinker -rpath -Xlinker /opt/ohpc/pub/compiler/intel-17/compilers_and_libraries_2017.4.196/linux/mpi/intel64/lib/debug_mt -Xlinker -rpath -Xlinker /opt/ohpc/pub/compiler/intel-17/compilers_and_libraries_2017.4.196/linux/mpi/intel64/lib -Xlinker -rpath -Xlinker /opt/intel/mpi-rt/2017.0.0/intel64/lib/debug_mt -Xlinker -rpath -Xlinker /opt/intel/mpi-rt/2017.0.0/intel64/lib -lmpifort -lmpi -lmpigi -ldl -lrt -lpthread" -mGLOB_cxx_limited_range=FALSE -mCG_extend_parms=FALSE -mGLOB_compiler_bin_directory=/opt/ohpc/pub/compiler/intel-17/compilers_and_libraries_2017.4.196/linux/bin/intel64 -mP3OPT_emit_line_numbers -mP2OPT_suppress_unreferenced_locals=FALSE -mGLOB_debug_target=GLOB_DEBUG_TARGET_ALL -mDEBUG_info_level=2 -mDEBUG_use_indirect_strings=TRUE -mGLOB_debug_format=GLOB_DEBUG_FORMAT_DWARF40 -mGLOB_as_output_backup_file_name=/tmp/ifort7tvrzoas_.s -mGLOB_dashboard_use_source_name -mGLOB_instruction_tuning=0x0 -mGLOB_uarch_tuning=0x0 -mGLOB_product_id_code=0x22006d8f -mGLOB_maintain_errno -mGLOB_noinline_intrinsics -mGLOB_use_base_pointer=1 -mCG_bnl_movbe=T -mGLOB_extended_instructions=0x8 -mP3OPT_use_mspp_call_convention -mP2OPT_subs_out_of_bound=FALSE -mP2OPT_disam_type_based_disam=2 -mGLOB_ansi_alias -mIPOPT_ninl_limit=0 -mIPOPT_ninl_user_level=0 -mPGOPTI_value_profile_use=T -mGLOB_opt_report_use_source_name -mP2OPT_gen_linux_const_pooling=FALSE -mP2OPT_il0_array_sections=TRUE -mGLOB_offload_mode=1 -mP2OPT_offload_unique_var_string=ifort1616603650zNJtMK -mGLOB_opt_level=0 -mIPOPT_args_in_regs=0 -mP2OPT_disam_assume_nonstd_intent_in=FALSE -mGLOB_imf_mapping_library=/opt/ohpc/pub/compiler/intel-17/compilers_and_libraries_2017.4.196/linux/bin/intel64/libiml_attr.so -mIPOPT_single_file_compile_and_link=TRUE -mP2OPT_hlo_embed_loopinfo -mPGOPTI_gen_threadsafe_level=0 -mIPOPT_lto_object_enabled -mIPOPT_lto_object_value=1 -mIPOPT_obj_output_file_name=/tmp/ifort2p3gpV.o -mIPOPT_whole_archive_fixup_file_name=/tmp/ifortwarchiJ3MMR -mGLOB_linker_version=2.25.1 -mGLOB_driver_tempfile_name=/tmp/iforttempfileHFk0o6 -mP3OPT_asm_target=P3OPT_ASM_TARGET_GAS -mGLOB_async_unwind_tables=TRUE -mGLOB_obj_output_file=/tmp/ifort2p3gpV.o -mGLOB_source_dialect=GLOB_SOURCE_DIALECT_FORTRAN -mP1OPT_source_file_name=conftest.f -mP1OPT_full_source_file_name=/home/ihme/oshende/local/hypre-2.9.0b/src/conftest.f -mP2OPT_symtab_type_copy=true conftest.f
#include "..." search starts here:
#include <...> search starts here:
 .
 /opt/ohpc/pub/compiler/intel-17/compilers_and_libraries_2017.4.196/linux/mpi/intel64/include
 /opt/ohpc/pub/compiler/intel-17/compilers_and_libraries_2017.4.196/linux/mpi/intel64/include
 /opt/ohpc/pub/compiler/intel-17/compilers_and_libraries_2017.4.196/linux/ipp/include
 /opt/ohpc/pub/compiler/intel-17/compilers_and_libraries_2017.4.196/linux/mkl/include
 /opt/ohpc/pub/compiler/intel-17/compilers_and_libraries_2017.4.196/linux/tbb/include
 /opt/ohpc/pub/compiler/intel-17/compilers_and_libraries_2017.4.196/linux/daal/include
 /opt/ohpc/pub/compiler/intel-18/compilers_and_libraries_2018.1.163/linux/tbb/include
 /opt/ohpc/pub/compiler/intel-18/compilers_and_libraries_2018.1.163/linux/mkl/include
 /opt/ohpc/pub/compiler/intel-18/compilers_and_libraries_2018.1.163/linux/ipp/include
 /opt/ohpc/pub/compiler/intel-18/compilers_and_libraries_2018.1.163/linux/pstl/include
 /opt/ohpc/pub/compiler/intel-18/compilers_and_libraries_2018.1.163/linux/daal/include
 /opt/ohpc/pub/compiler/intel-17/compilers_and_libraries_2017.4.196/linux/compiler/include/intel64
 /opt/ohpc/pub/compiler/intel-17/compilers_and_libraries_2017.4.196/linux/compiler/include/icc
 /opt/ohpc/pub/compiler/intel-17/compilers_and_libraries_2017.4.196/linux/compiler/include
 /usr/local/include
 /opt/ohpc/pub/compiler/gcc/7.2.0/lib/gcc/x86_64-pc-linux-gnu/7.2.0/include
 /opt/ohpc/pub/compiler/gcc/7.2.0/lib/gcc/x86_64-pc-linux-gnu/7.2.0/include-fixed
 /opt/ohpc/pub/compiler/gcc/7.2.0/include/
 /usr/include
End of search list.
ld    /lib/../lib64/crt1.o /lib/../lib64/crti.o /opt/ohpc/pub/compiler/gcc/7.2.0/lib/gcc/x86_64-pc-linux-gnu/7.2.0/crtbegin.o --eh-frame-hdr --build-id -dynamic-linker /lib64/ld-linux-x86-64.so.2 -m elf_x86_64 -L/opt/ohpc/pub/compiler/intel-17/compilers_and_libraries_2017.4.196/linux/mpi/intel64/lib/debug_mt -L/opt/ohpc/pub/compiler/intel-17/compilers_and_libraries_2017.4.196/linux/mpi/intel64/lib -o conftest /opt/ohpc/pub/compiler/intel-17/compilers_and_libraries_2017.4.196/linux/compiler/lib/intel64_lin/for_main.o -L/opt/ohpc/pub/compiler/intel-17/compilers_and_libraries_2017.4.196/linux/ipp/lib/intel64 -L/opt/ohpc/pub/compiler/intel-17/compilers_and_libraries_2017.4.196/linux/compiler/lib/intel64_lin -L/opt/ohpc/pub/compiler/intel-17/compilers_and_libraries_2017.4.196/linux/mkl/lib/intel64_lin -L/opt/ohpc/pub/compiler/intel-17/compilers_and_libraries_2017.4.196/linux/tbb/lib/intel64/gcc4.7 -L/opt/ohpc/pub/compiler/intel-17/compilers_and_libraries_2017.4.196/linux/daal/lib/intel64_lin -L/opt/ohpc/pub/compiler/intel-17/compilers_and_libraries_2017.4.196/linux/tbb/lib/intel64_lin/gcc4.4 -L/opt/ohpc/pub/compiler/intel-18/compilers_and_libraries_2018.1.163/linux/tbb/lib/intel64/gcc4.1 -L/opt/ohpc/pub/compiler/intel-18/compilers_and_libraries_2018.1.163/linux/tbb/lib/intel64_lin/gcc4.1 -L/opt/ohpc/pub/compiler/intel-18/compilers_and_libraries_2018.1.163/linux/compiler/lib/intel64_lin -L/opt/ohpc/pub/compiler/intel-18/compilers_and_libraries_2018.1.163/linux/mkl/lib/intel64_lin -L/opt/ohpc/pub/compiler/intel-18/compilers_and_libraries_2018.1.163/linux/ipp/lib/intel64 -L/opt/ohpc/pub/compiler/intel-18/compilers_and_libraries_2018.1.163/linux/daal/lib/intel64_lin -L/opt/ohpc/pub/compiler/intel-18/compilers_and_libraries_2018.1.163/linux/tbb/lib/intel64_lin/gcc4.4 -L/opt/ohpc/pub/compiler/intel-17/compilers_and_libraries_2017.4.196/linux/compiler/lib/intel64_lin -L/opt/ohpc/pub/compiler/gcc/7.2.0/lib/gcc/x86_64-pc-linux-gnu/7.2.0/ -L/opt/ohpc/pub/compiler/gcc/7.2.0/lib/gcc/x86_64-pc-linux-gnu/7.2.0/../../../../lib64 -L/opt/ohpc/pub/compiler/gcc/7.2.0/lib/gcc/x86_64-pc-linux-gnu/7.2.0/../../../../lib64/ -L/lib/../lib64 -L/lib/../lib64/ -L/usr/lib/../lib64 -L/usr/lib/../lib64/ -L/opt/ohpc/pub/compiler/intel-17/compilers_and_libraries_2017.4.196/linux/ipp/lib/intel64/ -L/opt/ohpc/pub/compiler/intel-17/compilers_and_libraries_2017.4.196/linux/compiler/lib/intel64_lin/ -L/opt/ohpc/pub/compiler/intel-17/compilers_and_libraries_2017.4.196/linux/mkl/lib/intel64_lin/ -L/opt/ohpc/pub/compiler/intel-17/compilers_and_libraries_2017.4.196/linux/tbb/lib/intel64/gcc4.7/ -L/opt/ohpc/pub/compiler/intel-17/compilers_and_libraries_2017.4.196/linux/daal/lib/intel64_lin/ -L/opt/ohpc/pub/compiler/intel-17/compilers_and_libraries_2017.4.196/linux/tbb/lib/intel64_lin/gcc4.4/ -L/opt/ohpc/pub/compiler/intel-18/compilers_and_libraries_2018.1.163/linux/tbb/lib/intel64/gcc4.1/ -L/opt/ohpc/pub/compiler/intel-18/compilers_and_libraries_2018.1.163/linux/tbb/lib/intel64_lin/gcc4.1/ -L/opt/ohpc/pub/compiler/intel-18/compilers_and_libraries_2018.1.163/linux/compiler/lib/intel64_lin/ -L/opt/ohpc/pub/compiler/intel-18/compilers_and_libraries_2018.1.163/linux/mkl/lib/intel64_lin/ -L/opt/ohpc/pub/compiler/intel-18/compilers_and_libraries_2018.1.163/linux/ipp/lib/intel64/ -L/opt/ohpc/pub/compiler/intel-18/compilers_and_libraries_2018.1.163/linux/daal/lib/intel64_lin/ -L/opt/ohpc/pub/compiler/intel-18/compilers_and_libraries_2018.1.163/linux/tbb/lib/intel64_lin/gcc4.4/ -L/opt/ohpc/pub/compiler/gcc/7.2.0/lib/gcc/x86_64-pc-linux-gnu/7.2.0/../../../ -L/lib64 -L/lib/ -L/usr/lib64 -L/usr/lib /tmp/ifort2p3gpV.o --enable-new-dtags -rpath /opt/ohpc/pub/compiler/intel-17/compilers_and_libraries_2017.4.196/linux/mpi/intel64/lib/debug_mt -rpath /opt/ohpc/pub/compiler/intel-17/compilers_and_libraries_2017.4.196/linux/mpi/intel64/lib -rpath /opt/intel/mpi-rt/2017.0.0/intel64/lib/debug_mt -rpath /opt/intel/mpi-rt/2017.0.0/intel64/lib -lmpifort -lmpi -lmpigi -ldl -lrt -lpthread -Bdynamic -Bstatic -lifport -lifcoremt -limf -lsvml -Bdynamic -lm -Bstatic -lipgo -lirc -Bdynamic -lpthread -Bstatic -lsvml -Bdynamic -lc -lgcc -lgcc_s -Bstatic -lirc_s -Bdynamic -ldl -lc /opt/ohpc/pub/compiler/gcc/7.2.0/lib/gcc/x86_64-pc-linux-gnu/7.2.0/crtend.o /lib/../lib64/crtn.o
configure:5455: result:  -L/opt/ohpc/pub/compiler/intel-17/compilers_and_libraries_2017.4.196/linux/mpi/intel64/lib/debug_mt -L/opt/ohpc/pub/compiler/intel-17/compilers_and_libraries_2017.4.196/linux/mpi/intel64/lib -L/opt/ohpc/pub/compiler/intel-17/compilers_and_libraries_2017.4.196/linux/ipp/lib/intel64 -L/opt/ohpc/pub/compiler/intel-17/compilers_and_libraries_2017.4.196/linux/compiler/lib/intel64_lin -L/opt/ohpc/pub/compiler/intel-17/compilers_and_libraries_2017.4.196/linux/mkl/lib/intel64_lin -L/opt/ohpc/pub/compiler/intel-17/compilers_and_libraries_2017.4.196/linux/tbb/lib/intel64/gcc4.7 -L/opt/ohpc/pub/compiler/intel-17/compilers_and_libraries_2017.4.196/linux/daal/lib/intel64_lin -L/opt/ohpc/pub/compiler/intel-17/compilers_and_libraries_2017.4.196/linux/tbb/lib/intel64_lin/gcc4.4 -L/opt/ohpc/pub/compiler/intel-18/compilers_and_libraries_2018.1.163/linux/tbb/lib/intel64/gcc4.1 -L/opt/ohpc/pub/compiler/intel-18/compilers_and_libraries_2018.1.163/linux/tbb/lib/intel64_lin/gcc4.1 -L/opt/ohpc/pub/compiler/intel-18/compilers_and_libraries_2018.1.163/linux/compiler/lib/intel64_lin -L/opt/ohpc/pub/compiler/intel-18/compilers_and_libraries_2018.1.163/linux/mkl/lib/intel64_lin -L/opt/ohpc/pub/compiler/intel-18/compilers_and_libraries_2018.1.163/linux/ipp/lib/intel64 -L/opt/ohpc/pub/compiler/intel-18/compilers_and_libraries_2018.1.163/linux/daal/lib/intel64_lin -L/opt/ohpc/pub/compiler/intel-18/compilers_and_libraries_2018.1.163/linux/tbb/lib/intel64_lin/gcc4.4 -L/opt/ohpc/pub/compiler/gcc/7.2.0/lib/gcc/x86_64-pc-linux-gnu/7.2.0/ -L/opt/ohpc/pub/compiler/gcc/7.2.0/lib/gcc/x86_64-pc-linux-gnu/7.2.0/../../../../lib64 -L/opt/ohpc/pub/compiler/gcc/7.2.0/lib/gcc/x86_64-pc-linux-gnu/7.2.0/../../../../lib64/ -L/lib/../lib64 -L/lib/../lib64/ -L/usr/lib/../lib64 -L/usr/lib/../lib64/ -L/opt/ohpc/pub/compiler/intel-17/compilers_and_libraries_2017.4.196/linux/ipp/lib/intel64/ -L/opt/ohpc/pub/compiler/intel-17/compilers_and_libraries_2017.4.196/linux/compiler/lib/intel64_lin/ -L/opt/ohpc/pub/compiler/intel-17/compilers_and_libraries_2017.4.196/linux/mkl/lib/intel64_lin/ -L/opt/ohpc/pub/compiler/intel-17/compilers_and_libraries_2017.4.196/linux/tbb/lib/intel64/gcc4.7/ -L/opt/ohpc/pub/compiler/intel-17/compilers_and_libraries_2017.4.196/linux/daal/lib/intel64_lin/ -L/opt/ohpc/pub/compiler/intel-17/compilers_and_libraries_2017.4.196/linux/tbb/lib/intel64_lin/gcc4.4/ -L/opt/ohpc/pub/compiler/intel-18/compilers_and_libraries_2018.1.163/linux/tbb/lib/intel64/gcc4.1/ -L/opt/ohpc/pub/compiler/intel-18/compilers_and_libraries_2018.1.163/linux/tbb/lib/intel64_lin/gcc4.1/ -L/opt/ohpc/pub/compiler/intel-18/compilers_and_libraries_2018.1.163/linux/compiler/lib/intel64_lin/ -L/opt/ohpc/pub/compiler/intel-18/compilers_and_libraries_2018.1.163/linux/mkl/lib/intel64_lin/ -L/opt/ohpc/pub/compiler/intel-18/compilers_and_libraries_2018.1.163/linux/ipp/lib/intel64/ -L/opt/ohpc/pub/compiler/intel-18/compilers_and_libraries_2018.1.163/linux/daal/lib/intel64_lin/ -L/opt/ohpc/pub/compiler/intel-18/compilers_and_libraries_2018.1.163/linux/tbb/lib/intel64_lin/gcc4.4/ -L/opt/ohpc/pub/compiler/gcc/7.2.0/lib/gcc/x86_64-pc-linux-gnu/7.2.0/../../../ -L/lib64 -L/lib/ -L/usr/lib64 -L/usr/lib -lmpifort -lmpi -lmpigi -ldl -lrt -lpthread -lifport -lifcoremt -limf -lsvml -lm -lipgo -lirc -lirc_s
configure:5472: checking for dummy main to link with Fortran 77 libraries
configure:5516: mpiicc -o conftest -g -O2   conftest.c   -L/opt/ohpc/pub/compiler/intel-17/compilers_and_libraries_2017.4.196/linux/mpi/intel64/lib/debug_mt -L/opt/ohpc/pub/compiler/intel-17/compilers_and_libraries_2017.4.196/linux/mpi/intel64/lib -L/opt/ohpc/pub/compiler/intel-17/compilers_and_libraries_2017.4.196/linux/ipp/lib/intel64 -L/opt/ohpc/pub/compiler/intel-17/compilers_and_libraries_2017.4.196/linux/compiler/lib/intel64_lin -L/opt/ohpc/pub/compiler/intel-17/compilers_and_libraries_2017.4.196/linux/mkl/lib/intel64_lin -L/opt/ohpc/pub/compiler/intel-17/compilers_and_libraries_2017.4.196/linux/tbb/lib/intel64/gcc4.7 -L/opt/ohpc/pub/compiler/intel-17/compilers_and_libraries_2017.4.196/linux/daal/lib/intel64_lin -L/opt/ohpc/pub/compiler/intel-17/compilers_and_libraries_2017.4.196/linux/tbb/lib/intel64_lin/gcc4.4 -L/opt/ohpc/pub/compiler/intel-18/compilers_and_libraries_2018.1.163/linux/tbb/lib/intel64/gcc4.1 -L/opt/ohpc/pub/compiler/intel-18/compilers_and_libraries_2018.1.163/linux/tbb/lib/intel64_lin/gcc4.1 -L/opt/ohpc/pub/compiler/intel-18/compilers_and_libraries_2018.1.163/linux/compiler/lib/intel64_lin -L/opt/ohpc/pub/compiler/intel-18/compilers_and_libraries_2018.1.163/linux/mkl/lib/intel64_lin -L/opt/ohpc/pub/compiler/intel-18/compilers_and_libraries_2018.1.163/linux/ipp/lib/intel64 -L/opt/ohpc/pub/compiler/intel-18/compilers_and_libraries_2018.1.163/linux/daal/lib/intel64_lin -L/opt/ohpc/pub/compiler/intel-18/compilers_and_libraries_2018.1.163/linux/tbb/lib/intel64_lin/gcc4.4 -L/opt/ohpc/pub/compiler/gcc/7.2.0/lib/gcc/x86_64-pc-linux-gnu/7.2.0/ -L/opt/ohpc/pub/compiler/gcc/7.2.0/lib/gcc/x86_64-pc-linux-gnu/7.2.0/../../../../lib64 -L/opt/ohpc/pub/compiler/gcc/7.2.0/lib/gcc/x86_64-pc-linux-gnu/7.2.0/../../../../lib64/ -L/lib/../lib64 -L/lib/../lib64/ -L/usr/lib/../lib64 -L/usr/lib/../lib64/ -L/opt/ohpc/pub/compiler/intel-17/compilers_and_libraries_2017.4.196/linux/ipp/lib/intel64/ -L/opt/ohpc/pub/compiler/intel-17/compilers_and_libraries_2017.4.196/linux/compiler/lib/intel64_lin/ -L/opt/ohpc/pub/compiler/intel-17/compilers_and_libraries_2017.4.196/linux/mkl/lib/intel64_lin/ -L/opt/ohpc/pub/compiler/intel-17/compilers_and_libraries_2017.4.196/linux/tbb/lib/intel64/gcc4.7/ -L/opt/ohpc/pub/compiler/intel-17/compilers_and_libraries_2017.4.196/linux/daal/lib/intel64_lin/ -L/opt/ohpc/pub/compiler/intel-17/compilers_and_libraries_2017.4.196/linux/tbb/lib/intel64_lin/gcc4.4/ -L/opt/ohpc/pub/compiler/intel-18/compilers_and_libraries_2018.1.163/linux/tbb/lib/intel64/gcc4.1/ -L/opt/ohpc/pub/compiler/intel-18/compilers_and_libraries_2018.1.163/linux/tbb/lib/intel64_lin/gcc4.1/ -L/opt/ohpc/pub/compiler/intel-18/compilers_and_libraries_2018.1.163/linux/compiler/lib/intel64_lin/ -L/opt/ohpc/pub/compiler/intel-18/compilers_and_libraries_2018.1.163/linux/mkl/lib/intel64_lin/ -L/opt/ohpc/pub/compiler/intel-18/compilers_and_libraries_2018.1.163/linux/ipp/lib/intel64/ -L/opt/ohpc/pub/compiler/intel-18/compilers_and_libraries_2018.1.163/linux/daal/lib/intel64_lin/ -L/opt/ohpc/pub/compiler/intel-18/compilers_and_libraries_2018.1.163/linux/tbb/lib/intel64_lin/gcc4.4/ -L/opt/ohpc/pub/compiler/gcc/7.2.0/lib/gcc/x86_64-pc-linux-gnu/7.2.0/../../../ -L/lib64 -L/lib/ -L/usr/lib64 -L/usr/lib -lmpifort -lmpi -lmpigi -ldl -lrt -lpthread -lifport -lifcoremt -limf -lsvml -lm -lipgo -lirc -lirc_s >&5
configure:5523: $? = 0
configure:5611: result: none
configure:5650: checking for Fortran 77 name-mangling scheme
configure:5669: mpiifort -c -g conftest.f >&5
configure:5676: $? = 0
configure:5731: mpiicc -o conftest -g -O2   conftest.c cfortran_test.o   -L/opt/ohpc/pub/compiler/intel-17/compilers_and_libraries_2017.4.196/linux/mpi/intel64/lib/debug_mt -L/opt/ohpc/pub/compiler/intel-17/compilers_and_libraries_2017.4.196/linux/mpi/intel64/lib -L/opt/ohpc/pub/compiler/intel-17/compilers_and_libraries_2017.4.196/linux/ipp/lib/intel64 -L/opt/ohpc/pub/compiler/intel-17/compilers_and_libraries_2017.4.196/linux/compiler/lib/intel64_lin -L/opt/ohpc/pub/compiler/intel-17/compilers_and_libraries_2017.4.196/linux/mkl/lib/intel64_lin -L/opt/ohpc/pub/compiler/intel-17/compilers_and_libraries_2017.4.196/linux/tbb/lib/intel64/gcc4.7 -L/opt/ohpc/pub/compiler/intel-17/compilers_and_libraries_2017.4.196/linux/daal/lib/intel64_lin -L/opt/ohpc/pub/compiler/intel-17/compilers_and_libraries_2017.4.196/linux/tbb/lib/intel64_lin/gcc4.4 -L/opt/ohpc/pub/compiler/intel-18/compilers_and_libraries_2018.1.163/linux/tbb/lib/intel64/gcc4.1 -L/opt/ohpc/pub/compiler/intel-18/compilers_and_libraries_2018.1.163/linux/tbb/lib/intel64_lin/gcc4.1 -L/opt/ohpc/pub/compiler/intel-18/compilers_and_libraries_2018.1.163/linux/compiler/lib/intel64_lin -L/opt/ohpc/pub/compiler/intel-18/compilers_and_libraries_2018.1.163/linux/mkl/lib/intel64_lin -L/opt/ohpc/pub/compiler/intel-18/compilers_and_libraries_2018.1.163/linux/ipp/lib/intel64 -L/opt/ohpc/pub/compiler/intel-18/compilers_and_libraries_2018.1.163/linux/daal/lib/intel64_lin -L/opt/ohpc/pub/compiler/intel-18/compilers_and_libraries_2018.1.163/linux/tbb/lib/intel64_lin/gcc4.4 -L/opt/ohpc/pub/compiler/gcc/7.2.0/lib/gcc/x86_64-pc-linux-gnu/7.2.0/ -L/opt/ohpc/pub/compiler/gcc/7.2.0/lib/gcc/x86_64-pc-linux-gnu/7.2.0/../../../../lib64 -L/opt/ohpc/pub/compiler/gcc/7.2.0/lib/gcc/x86_64-pc-linux-gnu/7.2.0/../../../../lib64/ -L/lib/../lib64 -L/lib/../lib64/ -L/usr/lib/../lib64 -L/usr/lib/../lib64/ -L/opt/ohpc/pub/compiler/intel-17/compilers_and_libraries_2017.4.196/linux/ipp/lib/intel64/ -L/opt/ohpc/pub/compiler/intel-17/compilers_and_libraries_2017.4.196/linux/compiler/lib/intel64_lin/ -L/opt/ohpc/pub/compiler/intel-17/compilers_and_libraries_2017.4.196/linux/mkl/lib/intel64_lin/ -L/opt/ohpc/pub/compiler/intel-17/compilers_and_libraries_2017.4.196/linux/tbb/lib/intel64/gcc4.7/ -L/opt/ohpc/pub/compiler/intel-17/compilers_and_libraries_2017.4.196/linux/daal/lib/intel64_lin/ -L/opt/ohpc/pub/compiler/intel-17/compilers_and_libraries_2017.4.196/linux/tbb/lib/intel64_lin/gcc4.4/ -L/opt/ohpc/pub/compiler/intel-18/compilers_and_libraries_2018.1.163/linux/tbb/lib/intel64/gcc4.1/ -L/opt/ohpc/pub/compiler/intel-18/compilers_and_libraries_2018.1.163/linux/tbb/lib/intel64_lin/gcc4.1/ -L/opt/ohpc/pub/compiler/intel-18/compilers_and_libraries_2018.1.163/linux/compiler/lib/intel64_lin/ -L/opt/ohpc/pub/compiler/intel-18/compilers_and_libraries_2018.1.163/linux/mkl/lib/intel64_lin/ -L/opt/ohpc/pub/compiler/intel-18/compilers_and_libraries_2018.1.163/linux/ipp/lib/intel64/ -L/opt/ohpc/pub/compiler/intel-18/compilers_and_libraries_2018.1.163/linux/daal/lib/intel64_lin/ -L/opt/ohpc/pub/compiler/intel-18/compilers_and_libraries_2018.1.163/linux/tbb/lib/intel64_lin/gcc4.4/ -L/opt/ohpc/pub/compiler/gcc/7.2.0/lib/gcc/x86_64-pc-linux-gnu/7.2.0/../../../ -L/lib64 -L/lib/ -L/usr/lib64 -L/usr/lib -lmpifort -lmpi -lmpigi -ldl -lrt -lpthread -lifport -lifcoremt -limf -lsvml -lm -lipgo -lirc -lirc_s >&5
/tmp/iccLF72ba.o: In function `main':
/home/ihme/oshende/local/hypre-2.9.0b/src/conftest.c:35: undefined reference to `foobar'
configure:5738: $? = 1
configure: failed program was:
| /* confdefs.h.  */
| #define PACKAGE_NAME "hypre"
| #define PACKAGE_TARNAME "hypre"
| #define PACKAGE_VERSION "2.9.0b"
| #define PACKAGE_STRING "hypre 2.9.0b"
| #define PACKAGE_BUGREPORT ""
| #define HYPRE_RELEASE_NAME "hypre"
| #define HYPRE_RELEASE_VERSION "2.9.0b"
| #define HYPRE_RELEASE_DATE "2012/10/30"
| #define HYPRE_RELEASE_TIME "00:00:00"
| #define HYPRE_RELEASE_BUGS "hypre-support@llnl.gov"
| #define HYPRE_FMANGLE 0
| #define HYPRE_FMANGLE_BLAS 0
| #define HYPRE_FMANGLE_LAPACK 0
| /* end confdefs.h.  */
| 
| /* Override any GCC internal prototype to avoid an error.
|    Use char because int might match the return type of a GCC
|    builtin and then its argument prototype would still apply.  */
| #ifdef __cplusplus
| extern "C"
| #endif
| char foobar ();
| #ifdef F77_DUMMY_MAIN
| 
| #  ifdef __cplusplus
|      extern "C"
| #  endif
|    int F77_DUMMY_MAIN() { return 1; }
| 
| #endif
| int
| main ()
| {
| return foobar ();
|   ;
|   return 0;
| }
configure:5731: mpiicc -o conftest -g -O2   conftest.c cfortran_test.o   -L/opt/ohpc/pub/compiler/intel-17/compilers_and_libraries_2017.4.196/linux/mpi/intel64/lib/debug_mt -L/opt/ohpc/pub/compiler/intel-17/compilers_and_libraries_2017.4.196/linux/mpi/intel64/lib -L/opt/ohpc/pub/compiler/intel-17/compilers_and_libraries_2017.4.196/linux/ipp/lib/intel64 -L/opt/ohpc/pub/compiler/intel-17/compilers_and_libraries_2017.4.196/linux/compiler/lib/intel64_lin -L/opt/ohpc/pub/compiler/intel-17/compilers_and_libraries_2017.4.196/linux/mkl/lib/intel64_lin -L/opt/ohpc/pub/compiler/intel-17/compilers_and_libraries_2017.4.196/linux/tbb/lib/intel64/gcc4.7 -L/opt/ohpc/pub/compiler/intel-17/compilers_and_libraries_2017.4.196/linux/daal/lib/intel64_lin -L/opt/ohpc/pub/compiler/intel-17/compilers_and_libraries_2017.4.196/linux/tbb/lib/intel64_lin/gcc4.4 -L/opt/ohpc/pub/compiler/intel-18/compilers_and_libraries_2018.1.163/linux/tbb/lib/intel64/gcc4.1 -L/opt/ohpc/pub/compiler/intel-18/compilers_and_libraries_2018.1.163/linux/tbb/lib/intel64_lin/gcc4.1 -L/opt/ohpc/pub/compiler/intel-18/compilers_and_libraries_2018.1.163/linux/compiler/lib/intel64_lin -L/opt/ohpc/pub/compiler/intel-18/compilers_and_libraries_2018.1.163/linux/mkl/lib/intel64_lin -L/opt/ohpc/pub/compiler/intel-18/compilers_and_libraries_2018.1.163/linux/ipp/lib/intel64 -L/opt/ohpc/pub/compiler/intel-18/compilers_and_libraries_2018.1.163/linux/daal/lib/intel64_lin -L/opt/ohpc/pub/compiler/intel-18/compilers_and_libraries_2018.1.163/linux/tbb/lib/intel64_lin/gcc4.4 -L/opt/ohpc/pub/compiler/gcc/7.2.0/lib/gcc/x86_64-pc-linux-gnu/7.2.0/ -L/opt/ohpc/pub/compiler/gcc/7.2.0/lib/gcc/x86_64-pc-linux-gnu/7.2.0/../../../../lib64 -L/opt/ohpc/pub/compiler/gcc/7.2.0/lib/gcc/x86_64-pc-linux-gnu/7.2.0/../../../../lib64/ -L/lib/../lib64 -L/lib/../lib64/ -L/usr/lib/../lib64 -L/usr/lib/../lib64/ -L/opt/ohpc/pub/compiler/intel-17/compilers_and_libraries_2017.4.196/linux/ipp/lib/intel64/ -L/opt/ohpc/pub/compiler/intel-17/compilers_and_libraries_2017.4.196/linux/compiler/lib/intel64_lin/ -L/opt/ohpc/pub/compiler/intel-17/compilers_and_libraries_2017.4.196/linux/mkl/lib/intel64_lin/ -L/opt/ohpc/pub/compiler/intel-17/compilers_and_libraries_2017.4.196/linux/tbb/lib/intel64/gcc4.7/ -L/opt/ohpc/pub/compiler/intel-17/compilers_and_libraries_2017.4.196/linux/daal/lib/intel64_lin/ -L/opt/ohpc/pub/compiler/intel-17/compilers_and_libraries_2017.4.196/linux/tbb/lib/intel64_lin/gcc4.4/ -L/opt/ohpc/pub/compiler/intel-18/compilers_and_libraries_2018.1.163/linux/tbb/lib/intel64/gcc4.1/ -L/opt/ohpc/pub/compiler/intel-18/compilers_and_libraries_2018.1.163/linux/tbb/lib/intel64_lin/gcc4.1/ -L/opt/ohpc/pub/compiler/intel-18/compilers_and_libraries_2018.1.163/linux/compiler/lib/intel64_lin/ -L/opt/ohpc/pub/compiler/intel-18/compilers_and_libraries_2018.1.163/linux/mkl/lib/intel64_lin/ -L/opt/ohpc/pub/compiler/intel-18/compilers_and_libraries_2018.1.163/linux/ipp/lib/intel64/ -L/opt/ohpc/pub/compiler/intel-18/compilers_and_libraries_2018.1.163/linux/daal/lib/intel64_lin/ -L/opt/ohpc/pub/compiler/intel-18/compilers_and_libraries_2018.1.163/linux/tbb/lib/intel64_lin/gcc4.4/ -L/opt/ohpc/pub/compiler/gcc/7.2.0/lib/gcc/x86_64-pc-linux-gnu/7.2.0/../../../ -L/lib64 -L/lib/ -L/usr/lib64 -L/usr/lib -lmpifort -lmpi -lmpigi -ldl -lrt -lpthread -lifport -lifcoremt -limf -lsvml -lm -lipgo -lirc -lirc_s >&5
configure:5738: $? = 0
configure:5820: mpiicc -o conftest -g -O2   conftest.c cfortran_test.o   -L/opt/ohpc/pub/compiler/intel-17/compilers_and_libraries_2017.4.196/linux/mpi/intel64/lib/debug_mt -L/opt/ohpc/pub/compiler/intel-17/compilers_and_libraries_2017.4.196/linux/mpi/intel64/lib -L/opt/ohpc/pub/compiler/intel-17/compilers_and_libraries_2017.4.196/linux/ipp/lib/intel64 -L/opt/ohpc/pub/compiler/intel-17/compilers_and_libraries_2017.4.196/linux/compiler/lib/intel64_lin -L/opt/ohpc/pub/compiler/intel-17/compilers_and_libraries_2017.4.196/linux/mkl/lib/intel64_lin -L/opt/ohpc/pub/compiler/intel-17/compilers_and_libraries_2017.4.196/linux/tbb/lib/intel64/gcc4.7 -L/opt/ohpc/pub/compiler/intel-17/compilers_and_libraries_2017.4.196/linux/daal/lib/intel64_lin -L/opt/ohpc/pub/compiler/intel-17/compilers_and_libraries_2017.4.196/linux/tbb/lib/intel64_lin/gcc4.4 -L/opt/ohpc/pub/compiler/intel-18/compilers_and_libraries_2018.1.163/linux/tbb/lib/intel64/gcc4.1 -L/opt/ohpc/pub/compiler/intel-18/compilers_and_libraries_2018.1.163/linux/tbb/lib/intel64_lin/gcc4.1 -L/opt/ohpc/pub/compiler/intel-18/compilers_and_libraries_2018.1.163/linux/compiler/lib/intel64_lin -L/opt/ohpc/pub/compiler/intel-18/compilers_and_libraries_2018.1.163/linux/mkl/lib/intel64_lin -L/opt/ohpc/pub/compiler/intel-18/compilers_and_libraries_2018.1.163/linux/ipp/lib/intel64 -L/opt/ohpc/pub/compiler/intel-18/compilers_and_libraries_2018.1.163/linux/daal/lib/intel64_lin -L/opt/ohpc/pub/compiler/intel-18/compilers_and_libraries_2018.1.163/linux/tbb/lib/intel64_lin/gcc4.4 -L/opt/ohpc/pub/compiler/gcc/7.2.0/lib/gcc/x86_64-pc-linux-gnu/7.2.0/ -L/opt/ohpc/pub/compiler/gcc/7.2.0/lib/gcc/x86_64-pc-linux-gnu/7.2.0/../../../../lib64 -L/opt/ohpc/pub/compiler/gcc/7.2.0/lib/gcc/x86_64-pc-linux-gnu/7.2.0/../../../../lib64/ -L/lib/../lib64 -L/lib/../lib64/ -L/usr/lib/../lib64 -L/usr/lib/../lib64/ -L/opt/ohpc/pub/compiler/intel-17/compilers_and_libraries_2017.4.196/linux/ipp/lib/intel64/ -L/opt/ohpc/pub/compiler/intel-17/compilers_and_libraries_2017.4.196/linux/compiler/lib/intel64_lin/ -L/opt/ohpc/pub/compiler/intel-17/compilers_and_libraries_2017.4.196/linux/mkl/lib/intel64_lin/ -L/opt/ohpc/pub/compiler/intel-17/compilers_and_libraries_2017.4.196/linux/tbb/lib/intel64/gcc4.7/ -L/opt/ohpc/pub/compiler/intel-17/compilers_and_libraries_2017.4.196/linux/daal/lib/intel64_lin/ -L/opt/ohpc/pub/compiler/intel-17/compilers_and_libraries_2017.4.196/linux/tbb/lib/intel64_lin/gcc4.4/ -L/opt/ohpc/pub/compiler/intel-18/compilers_and_libraries_2018.1.163/linux/tbb/lib/intel64/gcc4.1/ -L/opt/ohpc/pub/compiler/intel-18/compilers_and_libraries_2018.1.163/linux/tbb/lib/intel64_lin/gcc4.1/ -L/opt/ohpc/pub/compiler/intel-18/compilers_and_libraries_2018.1.163/linux/compiler/lib/intel64_lin/ -L/opt/ohpc/pub/compiler/intel-18/compilers_and_libraries_2018.1.163/linux/mkl/lib/intel64_lin/ -L/opt/ohpc/pub/compiler/intel-18/compilers_and_libraries_2018.1.163/linux/ipp/lib/intel64/ -L/opt/ohpc/pub/compiler/intel-18/compilers_and_libraries_2018.1.163/linux/daal/lib/intel64_lin/ -L/opt/ohpc/pub/compiler/intel-18/compilers_and_libraries_2018.1.163/linux/tbb/lib/intel64_lin/gcc4.4/ -L/opt/ohpc/pub/compiler/gcc/7.2.0/lib/gcc/x86_64-pc-linux-gnu/7.2.0/../../../ -L/lib64 -L/lib/ -L/usr/lib64 -L/usr/lib -lmpifort -lmpi -lmpigi -ldl -lrt -lpthread -lifport -lifcoremt -limf -lsvml -lm -lipgo -lirc -lirc_s >&5
configure:5827: $? = 0
configure:5890: result: lower case, underscore, no extra underscore
configure:6002: checking for MPI_Init
configure:6066: mpiicc -o conftest -g -O2   conftest.c  >&5
configure:6073: $? = 0
configure:6093: result: yes
configure:6262: checking for mpi.h
configure:6293: mpiicc -c -g -O2  conftest.c >&5
configure:6300: $? = 0
configure:6305: result: yes
configure:6339: checking for MPI_Comm_f2c
configure:6403: mpiicc -o conftest -g -O2   conftest.c    >&5
/tmp/iccXvYzOw.o: In function `main':
/home/ihme/oshende/local/hypre-2.9.0b/src/conftest.c:61: undefined reference to `MPI_Comm_f2c'
configure:6410: $? = 1
configure: failed program was:
| /* confdefs.h.  */
| #define PACKAGE_NAME "hypre"
| #define PACKAGE_TARNAME "hypre"
| #define PACKAGE_VERSION "2.9.0b"
| #define PACKAGE_STRING "hypre 2.9.0b"
| #define PACKAGE_BUGREPORT ""
| #define HYPRE_RELEASE_NAME "hypre"
| #define HYPRE_RELEASE_VERSION "2.9.0b"
| #define HYPRE_RELEASE_DATE "2012/10/30"
| #define HYPRE_RELEASE_TIME "00:00:00"
| #define HYPRE_RELEASE_BUGS "hypre-support@llnl.gov"
| #define HYPRE_FMANGLE 0
| #define HYPRE_FMANGLE_BLAS 0
| #define HYPRE_FMANGLE_LAPACK 0
| #define F77_FUNC(name,NAME) name ## _
| #define F77_FUNC_(name,NAME) name ## _
| #define HYPRE_HAVE_MPI 1
| /* end confdefs.h.  */
| /* Define MPI_Comm_f2c to an innocuous variant, in case <limits.h> declares MPI_Comm_f2c.
|    For example, HP-UX 11i <limits.h> declares gettimeofday.  */
| #define MPI_Comm_f2c innocuous_MPI_Comm_f2c
| 
| /* System header to define __stub macros and hopefully few prototypes,
|     which can conflict with char MPI_Comm_f2c (); below.
|     Prefer <limits.h> to <assert.h> if __STDC__ is defined, since
|     <limits.h> exists even on freestanding compilers.  */
| 
| #ifdef __STDC__
| # include <limits.h>
| #else
| # include <assert.h>
| #endif
| 
| #undef MPI_Comm_f2c
| 
| /* Override any GCC internal prototype to avoid an error.
|    Use char because int might match the return type of a GCC
|    builtin and then its argument prototype would still apply.  */
| #ifdef __cplusplus
| extern "C"
| #endif
| char MPI_Comm_f2c ();
| /* The GNU C library defines this for functions which it implements
|     to always fail with ENOSYS.  Some functions are actually named
|     something starting with __ and the normal name is an alias.  */
| #if defined __stub_MPI_Comm_f2c || defined __stub___MPI_Comm_f2c
| choke me
| #endif
| 
| #ifdef F77_DUMMY_MAIN
| 
| #  ifdef __cplusplus
|      extern "C"
| #  endif
|    int F77_DUMMY_MAIN() { return 1; }
| 
| #endif
| int
| main ()
| {
| return MPI_Comm_f2c ();
|   ;
|   return 0;
| }
configure:6432: result: no
configure:6974: checking for __gxx_personality_v0 in -lstdc++
configure:7017: mpiicc -o conftest -g -O2   conftest.c -lstdc++     >&5
configure:7024: $? = 0
configure:7045: result: yes
configure:7352: checking for cabs in -lm
configure:7395: mpiicc -o conftest -O2   conftest.c -lm     -lstdc++ >&5
configure:7402: $? = 0
configure:7423: result: yes
configure:7438: checking the hostname
configure:7449: result: certainty-login-0-3
configure:7453: checking the architecture
configure:7484: result: x86_64
configure:7723: creating ./config.status

## ---------------------- ##
## Running config.status. ##
## ---------------------- ##

This file was extended by hypre config.status 2.9.0b, which was
generated by GNU Autoconf 2.63.  Invocation command line was

  CONFIG_FILES    = 
  CONFIG_HEADERS  = 
  CONFIG_LINKS    = 
  CONFIG_COMMANDS = 
  $ ./config.status 

on certainty-login-0-3

config.status:808: creating config/Makefile.config
config.status:808: creating HYPRE_config.h

## ---------------- ##
## Cache variables. ##
## ---------------- ##

ac_cv_build=x86_64-unknown-linux-gnu
ac_cv_c_compiler_gnu=yes
ac_cv_cxx_compiler_gnu=yes
ac_cv_env_CCC_set=
ac_cv_env_CCC_value=
ac_cv_env_CC_set=
ac_cv_env_CC_value=
ac_cv_env_CFLAGS_set=
ac_cv_env_CFLAGS_value=
ac_cv_env_CPPFLAGS_set=
ac_cv_env_CPPFLAGS_value=
ac_cv_env_CXXFLAGS_set=
ac_cv_env_CXXFLAGS_value=
ac_cv_env_CXX_set=
ac_cv_env_CXX_value=
ac_cv_env_F77_set=
ac_cv_env_F77_value=
ac_cv_env_FFLAGS_set=
ac_cv_env_FFLAGS_value=
ac_cv_env_LDFLAGS_set=
ac_cv_env_LDFLAGS_value=
ac_cv_env_LIBS_set=
ac_cv_env_LIBS_value=
ac_cv_env_build_alias_set=
ac_cv_env_build_alias_value=
ac_cv_env_host_alias_set=
ac_cv_env_host_alias_value=
ac_cv_env_target_alias_set=
ac_cv_env_target_alias_value=
ac_cv_f77_compiler_gnu=no
ac_cv_f77_dummy_main=none
ac_cv_f77_libs=' -L/opt/ohpc/pub/compiler/intel-17/compilers_and_libraries_2017.4.196/linux/mpi/intel64/lib/debug_mt -L/opt/ohpc/pub/compiler/intel-17/compilers_and_libraries_2017.4.196/linux/mpi/intel64/lib -L/opt/ohpc/pub/compiler/intel-17/compilers_and_libraries_2017.4.196/linux/ipp/lib/intel64 -L/opt/ohpc/pub/compiler/intel-17/compilers_and_libraries_2017.4.196/linux/compiler/lib/intel64_lin -L/opt/ohpc/pub/compiler/intel-17/compilers_and_libraries_2017.4.196/linux/mkl/lib/intel64_lin -L/opt/ohpc/pub/compiler/intel-17/compilers_and_libraries_2017.4.196/linux/tbb/lib/intel64/gcc4.7 -L/opt/ohpc/pub/compiler/intel-17/compilers_and_libraries_2017.4.196/linux/daal/lib/intel64_lin -L/opt/ohpc/pub/compiler/intel-17/compilers_and_libraries_2017.4.196/linux/tbb/lib/intel64_lin/gcc4.4 -L/opt/ohpc/pub/compiler/intel-18/compilers_and_libraries_2018.1.163/linux/tbb/lib/intel64/gcc4.1 -L/opt/ohpc/pub/compiler/intel-18/compilers_and_libraries_2018.1.163/linux/tbb/lib/intel64_lin/gcc4.1 -L/opt/ohpc/pub/compiler/intel-18/compilers_and_libraries_2018.1.163/linux/compiler/lib/intel64_lin -L/opt/ohpc/pub/compiler/intel-18/compilers_and_libraries_2018.1.163/linux/mkl/lib/intel64_lin -L/opt/ohpc/pub/compiler/intel-18/compilers_and_libraries_2018.1.163/linux/ipp/lib/intel64 -L/opt/ohpc/pub/compiler/intel-18/compilers_and_libraries_2018.1.163/linux/daal/lib/intel64_lin -L/opt/ohpc/pub/compiler/intel-18/compilers_and_libraries_2018.1.163/linux/tbb/lib/intel64_lin/gcc4.4 -L/opt/ohpc/pub/compiler/gcc/7.2.0/lib/gcc/x86_64-pc-linux-gnu/7.2.0/ -L/opt/ohpc/pub/compiler/gcc/7.2.0/lib/gcc/x86_64-pc-linux-gnu/7.2.0/../../../../lib64 -L/opt/ohpc/pub/compiler/gcc/7.2.0/lib/gcc/x86_64-pc-linux-gnu/7.2.0/../../../../lib64/ -L/lib/../lib64 -L/lib/../lib64/ -L/usr/lib/../lib64 -L/usr/lib/../lib64/ -L/opt/ohpc/pub/compiler/intel-17/compilers_and_libraries_2017.4.196/linux/ipp/lib/intel64/ -L/opt/ohpc/pub/compiler/intel-17/compilers_and_libraries_2017.4.196/linux/compiler/lib/intel64_lin/ -L/opt/ohpc/pub/compiler/intel-17/compilers_and_libraries_2017.4.196/linux/mkl/lib/intel64_lin/ -L/opt/ohpc/pub/compiler/intel-17/compilers_and_libraries_2017.4.196/linux/tbb/lib/intel64/gcc4.7/ -L/opt/ohpc/pub/compiler/intel-17/compilers_and_libraries_2017.4.196/linux/daal/lib/intel64_lin/ -L/opt/ohpc/pub/compiler/intel-17/compilers_and_libraries_2017.4.196/linux/tbb/lib/intel64_lin/gcc4.4/ -L/opt/ohpc/pub/compiler/intel-18/compilers_and_libraries_2018.1.163/linux/tbb/lib/intel64/gcc4.1/ -L/opt/ohpc/pub/compiler/intel-18/compilers_and_libraries_2018.1.163/linux/tbb/lib/intel64_lin/gcc4.1/ -L/opt/ohpc/pub/compiler/intel-18/compilers_and_libraries_2018.1.163/linux/compiler/lib/intel64_lin/ -L/opt/ohpc/pub/compiler/intel-18/compilers_and_libraries_2018.1.163/linux/mkl/lib/intel64_lin/ -L/opt/ohpc/pub/compiler/intel-18/compilers_and_libraries_2018.1.163/linux/ipp/lib/intel64/ -L/opt/ohpc/pub/compiler/intel-18/compilers_and_libraries_2018.1.163/linux/daal/lib/intel64_lin/ -L/opt/ohpc/pub/compiler/intel-18/compilers_and_libraries_2018.1.163/linux/tbb/lib/intel64_lin/gcc4.4/ -L/opt/ohpc/pub/compiler/gcc/7.2.0/lib/gcc/x86_64-pc-linux-gnu/7.2.0/../../../ -L/lib64 -L/lib/ -L/usr/lib64 -L/usr/lib -lmpifort -lmpi -lmpigi -ldl -lrt -lpthread -lifport -lifcoremt -limf -lsvml -lm -lipgo -lirc -lirc_s'
ac_cv_f77_mangling='lower case, underscore, no extra underscore'
ac_cv_fortran_dummy_main=none
ac_cv_func_MPI_Comm_f2c=no
ac_cv_func_MPI_Init=yes
ac_cv_host=x86_64-unknown-linux-gnu
ac_cv_lib_m_cabs=yes
ac_cv_lib_stdcpp___gxx_personality_v0=yes
ac_cv_objext=o
ac_cv_prog_CC=mpiicc
ac_cv_prog_CXX=mpiicpc
ac_cv_prog_F77=mpiifort
ac_cv_prog_ac_ct_RANLIB=ranlib
ac_cv_prog_cc_c89=
ac_cv_prog_cc_g=yes
ac_cv_prog_cxx_g=yes
ac_cv_prog_f77_g=yes
ac_cv_prog_f77_v=-v
ac_cv_prog_make_make_set=yes

## ----------------- ##
## Output variables. ##
## ----------------- ##

AR='ar -rcu'
BABELDIR=''
BLASLIBDIRS=''
BLASLIBS=''
BUILD_CC_SHARED=''
BUILD_CXX_SHARED=''
BUILD_F77_SHARED=''
BUILD_JAVA='0'
BUILD_PYTHON='0'
CC='mpiicc'
CFLAGS='-O2'
CPPFLAGS=''
CXX='mpiicpc'
CXXFLAGS='-O2'
DEFS='-DHAVE_CONFIG_H'
ECHO_C=''
ECHO_N='-n'
ECHO_T=''
EXAMPLEDIR=''
EXEEXT=''
F77='mpiifort'
F77FLAGS=''
FFLAGS='-O2'
FLIBS=' -L/opt/ohpc/pub/compiler/intel-17/compilers_and_libraries_2017.4.196/linux/mpi/intel64/lib/debug_mt -L/opt/ohpc/pub/compiler/intel-17/compilers_and_libraries_2017.4.196/linux/mpi/intel64/lib -L/opt/ohpc/pub/compiler/intel-17/compilers_and_libraries_2017.4.196/linux/ipp/lib/intel64 -L/opt/ohpc/pub/compiler/intel-17/compilers_and_libraries_2017.4.196/linux/compiler/lib/intel64_lin -L/opt/ohpc/pub/compiler/intel-17/compilers_and_libraries_2017.4.196/linux/mkl/lib/intel64_lin -L/opt/ohpc/pub/compiler/intel-17/compilers_and_libraries_2017.4.196/linux/tbb/lib/intel64/gcc4.7 -L/opt/ohpc/pub/compiler/intel-17/compilers_and_libraries_2017.4.196/linux/daal/lib/intel64_lin -L/opt/ohpc/pub/compiler/intel-17/compilers_and_libraries_2017.4.196/linux/tbb/lib/intel64_lin/gcc4.4 -L/opt/ohpc/pub/compiler/intel-18/compilers_and_libraries_2018.1.163/linux/tbb/lib/intel64/gcc4.1 -L/opt/ohpc/pub/compiler/intel-18/compilers_and_libraries_2018.1.163/linux/tbb/lib/intel64_lin/gcc4.1 -L/opt/ohpc/pub/compiler/intel-18/compilers_and_libraries_2018.1.163/linux/compiler/lib/intel64_lin -L/opt/ohpc/pub/compiler/intel-18/compilers_and_libraries_2018.1.163/linux/mkl/lib/intel64_lin -L/opt/ohpc/pub/compiler/intel-18/compilers_and_libraries_2018.1.163/linux/ipp/lib/intel64 -L/opt/ohpc/pub/compiler/intel-18/compilers_and_libraries_2018.1.163/linux/daal/lib/intel64_lin -L/opt/ohpc/pub/compiler/intel-18/compilers_and_libraries_2018.1.163/linux/tbb/lib/intel64_lin/gcc4.4 -L/opt/ohpc/pub/compiler/gcc/7.2.0/lib/gcc/x86_64-pc-linux-gnu/7.2.0/ -L/opt/ohpc/pub/compiler/gcc/7.2.0/lib/gcc/x86_64-pc-linux-gnu/7.2.0/../../../../lib64 -L/opt/ohpc/pub/compiler/gcc/7.2.0/lib/gcc/x86_64-pc-linux-gnu/7.2.0/../../../../lib64/ -L/lib/../lib64 -L/lib/../lib64/ -L/usr/lib/../lib64 -L/usr/lib/../lib64/ -L/opt/ohpc/pub/compiler/intel-17/compilers_and_libraries_2017.4.196/linux/ipp/lib/intel64/ -L/opt/ohpc/pub/compiler/intel-17/compilers_and_libraries_2017.4.196/linux/compiler/lib/intel64_lin/ -L/opt/ohpc/pub/compiler/intel-17/compilers_and_libraries_2017.4.196/linux/mkl/lib/intel64_lin/ -L/opt/ohpc/pub/compiler/intel-17/compilers_and_libraries_2017.4.196/linux/tbb/lib/intel64/gcc4.7/ -L/opt/ohpc/pub/compiler/intel-17/compilers_and_libraries_2017.4.196/linux/daal/lib/intel64_lin/ -L/opt/ohpc/pub/compiler/intel-17/compilers_and_libraries_2017.4.196/linux/tbb/lib/intel64_lin/gcc4.4/ -L/opt/ohpc/pub/compiler/intel-18/compilers_and_libraries_2018.1.163/linux/tbb/lib/intel64/gcc4.1/ -L/opt/ohpc/pub/compiler/intel-18/compilers_and_libraries_2018.1.163/linux/tbb/lib/intel64_lin/gcc4.1/ -L/opt/ohpc/pub/compiler/intel-18/compilers_and_libraries_2018.1.163/linux/compiler/lib/intel64_lin/ -L/opt/ohpc/pub/compiler/intel-18/compilers_and_libraries_2018.1.163/linux/mkl/lib/intel64_lin/ -L/opt/ohpc/pub/compiler/intel-18/compilers_and_libraries_2018.1.163/linux/ipp/lib/intel64/ -L/opt/ohpc/pub/compiler/intel-18/compilers_and_libraries_2018.1.163/linux/daal/lib/intel64_lin/ -L/opt/ohpc/pub/compiler/intel-18/compilers_and_libraries_2018.1.163/linux/tbb/lib/intel64_lin/gcc4.4/ -L/opt/ohpc/pub/compiler/gcc/7.2.0/lib/gcc/x86_64-pc-linux-gnu/7.2.0/../../../ -L/lib64 -L/lib/ -L/usr/lib64 -L/usr/lib -lmpifort -lmpi -lmpigi -ldl -lrt -lpthread -lifport -lifcoremt -limf -lsvml -lm -lipgo -lirc -lirc_s'
HOSTNAME='certainty-login-0-3'
HYPRE_ARCH='x86_64'
HYPRE_BLAS_SRC_DIR='/home/ihme/oshende/local/hypre-2.9.0b/src/blas'
HYPRE_BUGS='hypre-support@llnl.gov'
HYPRE_DATE='2012/10/30'
HYPRE_FEI_BASE_DIR='/home/ihme/oshende/local/hypre-2.9.0b/src/FEI_mv/fei-base'
HYPRE_FEI_FEMLI_FILES='/home/ihme/oshende/local/hypre-2.9.0b/src/FEI_mv/femli/*.o'
HYPRE_FEI_HYPRE_FILES='/home/ihme/oshende/local/hypre-2.9.0b/src/FEI_mv/fei-hypre/*.o'
HYPRE_FEI_SRC_DIR='/home/ihme/oshende/local/hypre-2.9.0b/src/FEI_mv'
HYPRE_FEI_SUBDIRS='SuperLU femli fei-hypre'
HYPRE_FEI_SUPERLU_FILES='/home/ihme/oshende/local/hypre-2.9.0b/src/FEI_mv/SuperLU/SRC/*.o'
HYPRE_INCINSTALL='${prefix}/include'
HYPRE_INSTALLDIR='NONE'
HYPRE_LAPACK_SRC_DIR='/home/ihme/oshende/local/hypre-2.9.0b/src/lapack'
HYPRE_LIBINSTALL='${exec_prefix}/lib'
HYPRE_LIBSUFFIX='.a'
HYPRE_NAME='hypre'
HYPRE_SRCDIR='/home/ihme/oshende/local/hypre-2.9.0b/src'
HYPRE_TIME='00:00:00'
HYPRE_VERSION='2.9.0b'
LAPACKLIBDIRS=''
LAPACKLIBS=''
LDFLAGS=''
LIBOBJS=''
LIBS='   -lstdc++ -lm'
LINK_CC='mpiicc'
LINK_CXX='mpiicpc'
LINK_F77='mpiifort'
LTLIBOBJS=''
MPIFLAGS=''
MPIINCLUDE=''
MPILIBDIRS=''
MPILIBS=' '
OBJEXT='o'
PACKAGE_BUGREPORT=''
PACKAGE_NAME=''
PACKAGE_STRING=''
PACKAGE_TARNAME=''
PACKAGE_VERSION=''
PATH_SEPARATOR=':'
PYTHON=''
RANLIB='ranlib'
SET_MAKE=''
SHARED_BUILD_FLAG=''
SHARED_COMPILE_FLAG=''
SHARED_OPTIONS=''
SHARED_SET_SONAME=''
SHELL='/bin/sh'
ac_ct_CC=''
ac_ct_CXX=''
ac_ct_F77=''
bindir='${exec_prefix}/bin'
build='x86_64-unknown-linux-gnu'
build_alias=''
build_cpu='x86_64'
build_os='linux-gnu'
build_vendor='unknown'
datadir='${datarootdir}'
datarootdir='${prefix}/share'
docdir='${datarootdir}/doc/${PACKAGE_TARNAME}'
dvidir='${docdir}'
exec_prefix='${prefix}'
host='x86_64-unknown-linux-gnu'
host_alias=''
host_cpu='x86_64'
host_os='linux-gnu'
host_vendor='unknown'
htmldir='${docdir}'
includedir='${prefix}/include'
infodir='${datarootdir}/info'
libdir='${exec_prefix}/lib'
libexecdir='${exec_prefix}/libexec'
localedir='${datarootdir}/locale'
localstatedir='${prefix}/var'
mandir='${datarootdir}/man'
oldincludedir='/usr/include'
pdfdir='${docdir}'
prefix='/home/ihme/oshende/local/hypre-2.9.0b/src/hypre'
program_transform_name='s,x,x,'
psdir='${docdir}'
sbindir='${exec_prefix}/sbin'
sharedstatedir='${prefix}/com'
subdirs=''
sysconfdir='${prefix}/etc'
target_alias=''

## ----------- ##
## confdefs.h. ##
## ----------- ##

#define PACKAGE_NAME "hypre"
#define PACKAGE_TARNAME "hypre"
#define PACKAGE_VERSION "2.9.0b"
#define PACKAGE_STRING "hypre 2.9.0b"
#define PACKAGE_BUGREPORT ""
#define HYPRE_RELEASE_NAME "hypre"
#define HYPRE_RELEASE_VERSION "2.9.0b"
#define HYPRE_RELEASE_DATE "2012/10/30"
#define HYPRE_RELEASE_TIME "00:00:00"
#define HYPRE_RELEASE_BUGS "hypre-support@llnl.gov"
#define HYPRE_FMANGLE 0
#define HYPRE_FMANGLE_BLAS 0
#define HYPRE_FMANGLE_LAPACK 0
#define F77_FUNC(name,NAME) name ## _
#define F77_FUNC_(name,NAME) name ## _
#define HYPRE_HAVE_MPI 1
#define HYPRE_USING_HYPRE_BLAS 1
#define HYPRE_USING_HYPRE_LAPACK 1

configure: exit 0
