This file contains any messages produced by compilers while
running configure, to aid debugging if configure makes a mistake.

It was created by configure, which was
generated by GNU Autoconf 2.69.  Invocation command line was

  $ ./configure --no-create --no-recursion

## --------- ##
## Platform. ##
## --------- ##

hostname = certainty-login-0-1
uname -m = x86_64
uname -r = 3.10.0-514.el7.x86_64
uname -s = Linux
uname -v = #1 SMP Tue Nov 22 16:42:41 UTC 2016

/usr/bin/uname -p = x86_64
/bin/uname -X     = unknown

/bin/arch              = x86_64
/usr/bin/arch -k       = unknown
/usr/convex/getsysinfo = unknown
/usr/bin/hostinfo      = unknown
/bin/machine           = unknown
/usr/bin/oslevel       = unknown
/bin/universe          = unknown

PATH: /home/ihme/oshende/local/cantera/2.4.0/bin
PATH: /home/ihme/oshende/local/miniconda/bin
PATH: /opt/ohpc/pub/apps/tecplot/360ex_2018r1/bin
PATH: /opt/ohpc/pub/compiler/intel-18/vtune_amplifier_2018.1.0.535340/bin64
PATH: /opt/ohpc/pub/compiler/intel-18/compilers_and_libraries_2018.1.163/linux/mpi/intel64/bin
PATH: /opt/ohpc/pub/compiler/intel-18/itac/2018.1.017/intel64/bin
PATH: /opt/ohpc/pub/compiler/intel-18/inspector_2018.1.1.535159/bin64
PATH: /opt/ohpc/pub/compiler/intel-18/compilers_and_libraries_2018.1.163/linux/bin/intel64
PATH: /opt/ohpc/pub/compiler/gcc/7.2.0/bin
PATH: /home/ihme/oshende/local/cantera/2.4.0/bin
PATH: /home/ihme/oshende/local/miniconda/bin
PATH: /opt/ohpc/pub/utils/cmake/3.9.2/bin
PATH: /home/ihme/oshende/local/scons/2.4.0/bin
PATH: /opt/ohpc/pub/apps/matlab/R2018b/bin
PATH: /usr/local/bin
PATH: /usr/bin
PATH: /usr/local/sbin
PATH: /usr/sbin
PATH: /home/ihme/oshende/local/FlameMaster/FlameManLibs
PATH: /home/ihme/oshende/.local/bin
PATH: /home/ihme/oshende/bin


## ----------- ##
## Core tests. ##
## ----------- ##

configure:2745: checking for a BSD-compatible install
configure:2813: result: /usr/bin/install -c
configure:2824: checking whether build environment is sane
configure:2861: result: yes
configure:2891: checking for gawk
configure:2907: found /usr/bin/gawk
configure:2918: result: gawk
configure:2929: checking whether make sets $(MAKE)
configure:2951: result: yes
configure:3227: checking type prefix for installed files
configure:3238: result: (none)
configure:3315: checking for vendor's cc to be used instead of gcc
configure:3319: checking for cc
configure:3335: found /usr/bin/cc
configure:3346: result: cc
configure:3659: checking for C compiler version
configure:3668: cc --version >&5
cc (GCC) 4.8.5 20150623 (Red Hat 4.8.5-16)
Copyright (C) 2015 Free Software Foundation, Inc.
This is free software; see the source for copying conditions.  There is NO
warranty; not even for MERCHANTABILITY or FITNESS FOR A PARTICULAR PURPOSE.

configure:3679: $? = 0
configure:3668: cc -v >&5
Using built-in specs.
COLLECT_GCC=cc
COLLECT_LTO_WRAPPER=/usr/libexec/gcc/x86_64-redhat-linux/4.8.5/lto-wrapper
Target: x86_64-redhat-linux
Configured with: ../configure --prefix=/usr --mandir=/usr/share/man --infodir=/usr/share/info --with-bugurl=http://bugzilla.redhat.com/bugzilla --enable-bootstrap --enable-shared --enable-threads=posix --enable-checking=release --with-system-zlib --enable-__cxa_atexit --disable-libunwind-exceptions --enable-gnu-unique-object --enable-linker-build-id --with-linker-hash-style=gnu --enable-languages=c,c++,objc,obj-c++,java,fortran,ada,go,lto --enable-plugin --enable-initfini-array --disable-libgcj --with-isl=/builddir/build/BUILD/gcc-4.8.5-20150702/obj-x86_64-redhat-linux/isl-install --with-cloog=/builddir/build/BUILD/gcc-4.8.5-20150702/obj-x86_64-redhat-linux/cloog-install --enable-gnu-indirect-function --with-tune=generic --with-arch_32=x86-64 --build=x86_64-redhat-linux
Thread model: posix
gcc version 4.8.5 20150623 (Red Hat 4.8.5-16) (GCC) 
configure:3679: $? = 0
configure:3668: cc -V >&5
cc: error: unrecognized command line option '-V'
cc: fatal error: no input files
compilation terminated.
configure:3679: $? = 4
configure:3668: cc -qversion >&5
cc: error: unrecognized command line option '-qversion'
cc: fatal error: no input files
compilation terminated.
configure:3679: $? = 4
configure:3699: checking whether the C compiler works
configure:3721: cc    conftest.c  >&5
configure:3725: $? = 0
configure:3773: result: yes
configure:3776: checking for C compiler default output file name
configure:3778: result: a.out
configure:3784: checking for suffix of executables
configure:3791: cc -o conftest    conftest.c  >&5
configure:3795: $? = 0
configure:3817: result: 
configure:3839: checking whether we are cross compiling
configure:3847: cc -o conftest    conftest.c  >&5
configure:3851: $? = 0
configure:3858: ./conftest
configure:3862: $? = 0
configure:3877: result: no
configure:3882: checking for suffix of object files
configure:3904: cc -c   conftest.c >&5
configure:3908: $? = 0
configure:3929: result: o
configure:3933: checking whether we are using the GNU C compiler
configure:3952: cc -c   conftest.c >&5
configure:3952: $? = 0
configure:3961: result: yes
configure:3970: checking whether cc accepts -g
configure:3990: cc -c -g  conftest.c >&5
configure:3990: $? = 0
configure:4031: result: yes
configure:4048: checking for cc option to accept ISO C89
configure:4111: cc  -c -g -O2  conftest.c >&5
configure:4111: $? = 0
configure:4124: result: none needed
configure:4154: checking for style of include used by make
configure:4182: result: GNU
configure:4210: checking dependency style of cc
configure:4278: result: gcc3
configure:4297: checking whether we are using gcc 2.90 or later
configure:4311: cc -E conftest.c
configure:4314: $? = 0
configure:4322: result: yes
configure:4333: checking whether make sets $(MAKE)
configure:4355: result: yes
configure:4407: checking for ranlib
configure:4423: found /usr/bin/ranlib
configure:4434: result: ranlib
configure:4456: checking whether ln -s works
configure:4460: result: yes
configure:4515: checking build system type
configure:4529: result: x86_64-unknown-linux-gnu
configure:4549: checking host system type
configure:4562: result: x86_64-unknown-linux-gnu
configure:4604: checking for ld used by GCC
configure:4667: result: /usr/bin/ld
configure:4674: checking if the linker (/usr/bin/ld) is GNU ld
GNU ld version 2.25.1-32.base.el7_4.2 
configure:4686: result: yes
configure:4691: checking for /usr/bin/ld option to reload object files
configure:4698: result: -r
configure:4703: checking for BSD-compatible nm
configure:4739: result: /usr/bin/nm -B
configure:4742: checking for a sed that does not truncate output
configure:4824: result: /usr/bin/sed
configure:4827: checking how to recognise dependent libraries
configure:5008: result: file_magic ELF [0-9][0-9]*-bit [LM]SB (shared object|dynamic lib )
configure:5021: checking command to parse /usr/bin/nm -B output
configure:5105: cc -c -g -O2  conftest.c >&5
configure:5108: $? = 0
configure:5112: /usr/bin/nm -B conftest.o \| sed -n -e 's/^.*[ 	]\([ABCDGISTW][ABCDGISTW]*\)[ 	][ 	]*\(\)\([_A-Za-z][_A-Za-z0-9]*\)$/\1 \2\3 \3/p' \> conftest.nm
configure:5115: $? = 0
configure:5167: cc -o conftest -g -O2   conftest.c conftstm.o >&5
configure:5170: $? = 0
configure:5214: result: ok
configure:5223: checking how to run the C preprocessor
configure:5254: cc -E  conftest.c
configure:5254: $? = 0
configure:5268: cc -E  conftest.c
conftest.c:11:28: fatal error: ac_nonexistent.h: No such file or directory
 #include <ac_nonexistent.h>
                            ^
compilation terminated.
configure:5268: $? = 1
configure: failed program was:
| /* confdefs.h */
| #define PACKAGE_NAME ""
| #define PACKAGE_TARNAME ""
| #define PACKAGE_VERSION ""
| #define PACKAGE_STRING ""
| #define PACKAGE_BUGREPORT ""
| #define PACKAGE_URL ""
| #define PACKAGE "fftw"
| #define VERSION "2.1.5"
| /* end confdefs.h.  */
| #include <ac_nonexistent.h>
configure:5293: result: cc -E
configure:5313: cc -E  conftest.c
configure:5313: $? = 0
configure:5327: cc -E  conftest.c
conftest.c:11:28: fatal error: ac_nonexistent.h: No such file or directory
 #include <ac_nonexistent.h>
                            ^
compilation terminated.
configure:5327: $? = 1
configure: failed program was:
| /* confdefs.h */
| #define PACKAGE_NAME ""
| #define PACKAGE_TARNAME ""
| #define PACKAGE_VERSION ""
| #define PACKAGE_STRING ""
| #define PACKAGE_BUGREPORT ""
| #define PACKAGE_URL ""
| #define PACKAGE "fftw"
| #define VERSION "2.1.5"
| /* end confdefs.h.  */
| #include <ac_nonexistent.h>
configure:5356: checking for grep that handles long lines and -e
configure:5414: result: /usr/bin/grep
configure:5419: checking for egrep
configure:5481: result: /usr/bin/grep -E
configure:5486: checking for ANSI C header files
configure:5506: cc -c -g -O2  conftest.c >&5
configure:5506: $? = 0
configure:5579: cc -o conftest -g -O2   conftest.c  >&5
configure:5579: $? = 0
configure:5579: ./conftest
configure:5579: $? = 0
configure:5590: result: yes
configure:5603: checking for sys/types.h
configure:5603: cc -c -g -O2  conftest.c >&5
configure:5603: $? = 0
configure:5603: result: yes
configure:5603: checking for sys/stat.h
configure:5603: cc -c -g -O2  conftest.c >&5
configure:5603: $? = 0
configure:5603: result: yes
configure:5603: checking for stdlib.h
configure:5603: cc -c -g -O2  conftest.c >&5
configure:5603: $? = 0
configure:5603: result: yes
configure:5603: checking for string.h
configure:5603: cc -c -g -O2  conftest.c >&5
configure:5603: $? = 0
configure:5603: result: yes
configure:5603: checking for memory.h
configure:5603: cc -c -g -O2  conftest.c >&5
configure:5603: $? = 0
configure:5603: result: yes
configure:5603: checking for strings.h
configure:5603: cc -c -g -O2  conftest.c >&5
configure:5603: $? = 0
configure:5603: result: yes
configure:5603: checking for inttypes.h
configure:5603: cc -c -g -O2  conftest.c >&5
configure:5603: $? = 0
configure:5603: result: yes
configure:5603: checking for stdint.h
configure:5603: cc -c -g -O2  conftest.c >&5
configure:5603: $? = 0
configure:5603: result: yes
configure:5603: checking for unistd.h
configure:5603: cc -c -g -O2  conftest.c >&5
configure:5603: $? = 0
configure:5603: result: yes
configure:5617: checking dlfcn.h usability
configure:5617: cc -c -g -O2  conftest.c >&5
configure:5617: $? = 0
configure:5617: result: yes
configure:5617: checking dlfcn.h presence
configure:5617: cc -E  conftest.c
configure:5617: $? = 0
configure:5617: result: yes
configure:5617: checking for dlfcn.h
configure:5617: result: yes
configure:5636: checking for file
configure:5691: result: /usr/bin/file
configure:5814: checking for ranlib
configure:5841: result: ranlib
configure:5906: checking for strip
configure:5922: found /usr/bin/strip
configure:5933: result: strip
configure:6134: checking for objdir
configure:6145: result: .libs
configure:6162: checking for cc option to produce PIC
configure:6308: result: -fPIC
configure:6312: checking if cc PIC flag -fPIC works
configure:6330: cc -c -g -O2 -fPIC -DPIC  conftest.c >&5
configure:6330: $? = 0
configure:6364: result: yes
configure:6380: checking if cc static flag -static works
configure:6399: cc -o conftest -g -O2   -static conftest.c  >&5
/usr/bin/ld: cannot find -lc
collect2: error: ld returned 1 exit status
configure:6399: $? = 1
configure: failed program was:
| /* confdefs.h */
| #define PACKAGE_NAME ""
| #define PACKAGE_TARNAME ""
| #define PACKAGE_VERSION ""
| #define PACKAGE_STRING ""
| #define PACKAGE_BUGREPORT ""
| #define PACKAGE_URL ""
| #define PACKAGE "fftw"
| #define VERSION "2.1.5"
| #define STDC_HEADERS 1
| #define HAVE_SYS_TYPES_H 1
| #define HAVE_SYS_STAT_H 1
| #define HAVE_STDLIB_H 1
| #define HAVE_STRING_H 1
| #define HAVE_MEMORY_H 1
| #define HAVE_STRINGS_H 1
| #define HAVE_INTTYPES_H 1
| #define HAVE_STDINT_H 1
| #define HAVE_UNISTD_H 1
| #define HAVE_DLFCN_H 1
| /* end confdefs.h.  */
| 
| int
| main ()
| {
| 
|   ;
|   return 0;
| }
configure:6411: result: no
configure:6423: checking if cc supports -c -o file.o
configure:6443: cc -c -g -O2 -o out/conftest2.o  conftest.c >&5
configure:6467: result: yes
configure:6472: checking if cc supports -c -o file.lo
configure:6494: cc -c -g -O2 -c -o conftest.lo  conftest.c >&5
configure:6494: $? = 0
configure:6511: result: yes
configure:6542: checking if cc supports -fno-rtti -fno-exceptions
configure:6559: cc -c -g -O2 -fno-rtti -fno-exceptions -c conftest.c  conftest.c >&5
cc1: warning: command line option '-fno-rtti' is valid for C++/ObjC++ but not for C [enabled by default]
cc1: warning: command line option '-fno-rtti' is valid for C++/ObjC++ but not for C [enabled by default]
configure:6559: $? = 0
configure:6571: result: no
configure:6582: checking whether the linker (/usr/bin/ld) supports shared libraries
configure:7277: result: yes
configure:7282: checking how to hardcode library paths into programs
configure:7306: result: immediate
configure:7311: checking whether stripping libraries is possible
configure:7316: result: yes
configure:7327: checking dynamic linker characteristics
configure:7734: result: GNU/Linux ld.so
configure:7739: checking if libtool supports shared libraries
configure:7741: result: yes
configure:7744: checking whether to build shared libraries
configure:7765: result: no
configure:7768: checking whether to build static libraries
configure:7772: result: yes
configure:8848: checking for perl
configure:8864: found /usr/bin/perl
configure:8876: result: perl
configure:8941: checking for g77
configure:8971: result: no
configure:8941: checking for xlf
configure:8971: result: no
configure:8941: checking for f77
configure:8971: result: no
configure:8941: checking for frt
configure:8971: result: no
configure:8941: checking for pgf77
configure:8971: result: no
configure:8941: checking for cf77
configure:8971: result: no
configure:8941: checking for fort77
configure:8971: result: no
configure:8941: checking for fl32
configure:8971: result: no
configure:8941: checking for af77
configure:8971: result: no
configure:8941: checking for xlf90
configure:8971: result: no
configure:8941: checking for f90
configure:8971: result: no
configure:8941: checking for pgf90
configure:8971: result: no
configure:8941: checking for pghpf
configure:8971: result: no
configure:8941: checking for epcf90
configure:8971: result: no
configure:8941: checking for gfortran
configure:8957: found /opt/ohpc/pub/compiler/gcc/7.2.0/bin/gfortran
configure:8968: result: gfortran
configure:8994: checking for Fortran 77 compiler version
configure:9003: gfortran --version >&5
GNU Fortran (GCC) 7.2.0
Copyright (C) 2017 Free Software Foundation, Inc.
This is free software; see the source for copying conditions.  There is NO
warranty; not even for MERCHANTABILITY or FITNESS FOR A PARTICULAR PURPOSE.

configure:9014: $? = 0
configure:9003: gfortran -v >&5
Using built-in specs.
COLLECT_GCC=gfortran
COLLECT_LTO_WRAPPER=/opt/ohpc/pub/compiler/gcc/7.2.0/libexec/gcc/x86_64-pc-linux-gnu/7.2.0/lto-wrapper
Target: x86_64-pc-linux-gnu
Configured with: ../configure --disable-multilib --enable-languages=c,c++,fortran --prefix=/opt/ohpc/pub/compiler/gcc/7.2.0
Thread model: posix
gcc version 7.2.0 (GCC) 
configure:9014: $? = 0
configure:9003: gfortran -V >&5
gfortran: error: unrecognized command line option '-V'
gfortran: fatal error: no input files
compilation terminated.
configure:9014: $? = 1
configure:9003: gfortran -qversion >&5
gfortran: error: unrecognized command line option '-qversion'; did you mean '--version'?
gfortran: fatal error: no input files
compilation terminated.
configure:9014: $? = 1
configure:9023: checking whether we are using the GNU Fortran 77 compiler
configure:9036: gfortran -c  conftest.F >&5
configure:9036: $? = 0
configure:9045: result: yes
configure:9051: checking whether gfortran accepts -g
configure:9062: gfortran -c -g conftest.f >&5
configure:9062: $? = 0
configure:9070: result: yes
configure:9109: checking how to get verbose linking output from gfortran
configure:9119: gfortran -c -g -O2 conftest.f >&5
configure:9119: $? = 0
configure:9137: gfortran -o conftest -g -O2 -v conftest.f
Using built-in specs.
Target: x86_64-pc-linux-gnu
Thread model: posix
gcc version 7.2.0 (GCC) 
 /opt/ohpc/pub/compiler/gcc/7.2.0/libexec/gcc/x86_64-pc-linux-gnu/7.2.0/f951 conftest.f -ffixed-form -quiet -dumpbase conftest.f -mtune=generic -march=x86-64 -auxbase conftest -g -O2 -version -fintrinsic-modules-path /opt/ohpc/pub/compiler/gcc/7.2.0/lib/gcc/x86_64-pc-linux-gnu/7.2.0/finclude -o /tmp/ccTH1e7Y.s
GNU Fortran (GCC) version 7.2.0 (x86_64-pc-linux-gnu)
	compiled by GNU C version 7.2.0, GMP version 6.1.2, MPFR version 3.1.6, MPC version 1.0.3, isl version none
GGC heuristics: --param ggc-min-expand=100 --param ggc-min-heapsize=131072
GNU Fortran2008 (GCC) version 7.2.0 (x86_64-pc-linux-gnu)
	compiled by GNU C version 7.2.0, GMP version 6.1.2, MPFR version 3.1.6, MPC version 1.0.3, isl version none
GGC heuristics: --param ggc-min-expand=100 --param ggc-min-heapsize=131072
 as -v --64 -o /tmp/ccbxN14u.o /tmp/ccTH1e7Y.s
GNU assembler version 2.25.1 (x86_64-redhat-linux) using BFD version version 2.25.1-32.base.el7_4.2 
Reading specs from /opt/ohpc/pub/compiler/gcc/7.2.0/lib/gcc/x86_64-pc-linux-gnu/7.2.0/../../../../lib64/libgfortran.spec
rename spec lib to liborig
 /opt/ohpc/pub/compiler/gcc/7.2.0/libexec/gcc/x86_64-pc-linux-gnu/7.2.0/collect2 -plugin /opt/ohpc/pub/compiler/gcc/7.2.0/libexec/gcc/x86_64-pc-linux-gnu/7.2.0/liblto_plugin.so -plugin-opt=/opt/ohpc/pub/compiler/gcc/7.2.0/libexec/gcc/x86_64-pc-linux-gnu/7.2.0/lto-wrapper -plugin-opt=-fresolution=/tmp/ccCfN250.res -plugin-opt=-pass-through=-lgcc_s -plugin-opt=-pass-through=-lgcc -plugin-opt=-pass-through=-lquadmath -plugin-opt=-pass-through=-lm -plugin-opt=-pass-through=-lgcc_s -plugin-opt=-pass-through=-lgcc -plugin-opt=-pass-through=-lc -plugin-opt=-pass-through=-lgcc_s -plugin-opt=-pass-through=-lgcc --eh-frame-hdr -m elf_x86_64 -dynamic-linker /lib64/ld-linux-x86-64.so.2 -o conftest /lib/../lib64/crt1.o /lib/../lib64/crti.o /opt/ohpc/pub/compiler/gcc/7.2.0/lib/gcc/x86_64-pc-linux-gnu/7.2.0/crtbegin.o -L/opt/ohpc/pub/compiler/gcc/7.2.0/lib/gcc/x86_64-pc-linux-gnu/7.2.0 -L/opt/ohpc/pub/compiler/gcc/7.2.0/lib/gcc/x86_64-pc-linux-gnu/7.2.0/../../../../lib64 -L/lib/../lib64 -L/usr/lib/../lib64 -L/opt/ohpc/pub/compiler/intel-18/compilers_and_libraries_2018.1.163/linux/tbb/lib/intel64/gcc4.1 -L/opt/ohpc/pub/compiler/intel-18/compilers_and_libraries_2018.1.163/linux/tbb/lib/intel64_lin/gcc4.1 -L/opt/ohpc/pub/compiler/intel-18/compilers_and_libraries_2018.1.163/linux/compiler/lib/intel64_lin -L/opt/ohpc/pub/compiler/intel-18/compilers_and_libraries_2018.1.163/linux/mkl/lib/intel64_lin -L/opt/ohpc/pub/compiler/intel-18/compilers_and_libraries_2018.1.163/linux/ipp/lib/intel64 -L/opt/ohpc/pub/compiler/intel-18/compilers_and_libraries_2018.1.163/linux/daal/lib/intel64_lin -L/opt/ohpc/pub/compiler/intel-18/compilers_and_libraries_2018.1.163/linux/tbb/lib/intel64_lin/gcc4.4 -L/opt/ohpc/pub/compiler/gcc/7.2.0/lib/gcc/x86_64-pc-linux-gnu/7.2.0/../../.. /tmp/ccbxN14u.o -lgfortran -lm -lgcc_s -lgcc -lquadmath -lm -lgcc_s -lgcc -lc -lgcc_s -lgcc /opt/ohpc/pub/compiler/gcc/7.2.0/lib/gcc/x86_64-pc-linux-gnu/7.2.0/crtend.o /lib/../lib64/crtn.o
configure:9220: result: -v
configure:9222: checking for Fortran 77 libraries of gfortran
configure:9245: gfortran -o conftest -g -O2 -v conftest.f
Using built-in specs.
Target: x86_64-pc-linux-gnu
Thread model: posix
gcc version 7.2.0 (GCC) 
 /opt/ohpc/pub/compiler/gcc/7.2.0/libexec/gcc/x86_64-pc-linux-gnu/7.2.0/f951 conftest.f -ffixed-form -quiet -dumpbase conftest.f -mtune=generic -march=x86-64 -auxbase conftest -g -O2 -version -fintrinsic-modules-path /opt/ohpc/pub/compiler/gcc/7.2.0/lib/gcc/x86_64-pc-linux-gnu/7.2.0/finclude -o /tmp/ccNQehic.s
GNU Fortran (GCC) version 7.2.0 (x86_64-pc-linux-gnu)
	compiled by GNU C version 7.2.0, GMP version 6.1.2, MPFR version 3.1.6, MPC version 1.0.3, isl version none
GGC heuristics: --param ggc-min-expand=100 --param ggc-min-heapsize=131072
GNU Fortran2008 (GCC) version 7.2.0 (x86_64-pc-linux-gnu)
	compiled by GNU C version 7.2.0, GMP version 6.1.2, MPFR version 3.1.6, MPC version 1.0.3, isl version none
GGC heuristics: --param ggc-min-expand=100 --param ggc-min-heapsize=131072
 as -v --64 -o /tmp/ccK788GI.o /tmp/ccNQehic.s
GNU assembler version 2.25.1 (x86_64-redhat-linux) using BFD version version 2.25.1-32.base.el7_4.2 
Reading specs from /opt/ohpc/pub/compiler/gcc/7.2.0/lib/gcc/x86_64-pc-linux-gnu/7.2.0/../../../../lib64/libgfortran.spec
rename spec lib to liborig
 /opt/ohpc/pub/compiler/gcc/7.2.0/libexec/gcc/x86_64-pc-linux-gnu/7.2.0/collect2 -plugin /opt/ohpc/pub/compiler/gcc/7.2.0/libexec/gcc/x86_64-pc-linux-gnu/7.2.0/liblto_plugin.so -plugin-opt=/opt/ohpc/pub/compiler/gcc/7.2.0/libexec/gcc/x86_64-pc-linux-gnu/7.2.0/lto-wrapper -plugin-opt=-fresolution=/tmp/ccMtP78e.res -plugin-opt=-pass-through=-lgcc_s -plugin-opt=-pass-through=-lgcc -plugin-opt=-pass-through=-lquadmath -plugin-opt=-pass-through=-lm -plugin-opt=-pass-through=-lgcc_s -plugin-opt=-pass-through=-lgcc -plugin-opt=-pass-through=-lc -plugin-opt=-pass-through=-lgcc_s -plugin-opt=-pass-through=-lgcc --eh-frame-hdr -m elf_x86_64 -dynamic-linker /lib64/ld-linux-x86-64.so.2 -o conftest /lib/../lib64/crt1.o /lib/../lib64/crti.o /opt/ohpc/pub/compiler/gcc/7.2.0/lib/gcc/x86_64-pc-linux-gnu/7.2.0/crtbegin.o -L/opt/ohpc/pub/compiler/gcc/7.2.0/lib/gcc/x86_64-pc-linux-gnu/7.2.0 -L/opt/ohpc/pub/compiler/gcc/7.2.0/lib/gcc/x86_64-pc-linux-gnu/7.2.0/../../../../lib64 -L/lib/../lib64 -L/usr/lib/../lib64 -L/opt/ohpc/pub/compiler/intel-18/compilers_and_libraries_2018.1.163/linux/tbb/lib/intel64/gcc4.1 -L/opt/ohpc/pub/compiler/intel-18/compilers_and_libraries_2018.1.163/linux/tbb/lib/intel64_lin/gcc4.1 -L/opt/ohpc/pub/compiler/intel-18/compilers_and_libraries_2018.1.163/linux/compiler/lib/intel64_lin -L/opt/ohpc/pub/compiler/intel-18/compilers_and_libraries_2018.1.163/linux/mkl/lib/intel64_lin -L/opt/ohpc/pub/compiler/intel-18/compilers_and_libraries_2018.1.163/linux/ipp/lib/intel64 -L/opt/ohpc/pub/compiler/intel-18/compilers_and_libraries_2018.1.163/linux/daal/lib/intel64_lin -L/opt/ohpc/pub/compiler/intel-18/compilers_and_libraries_2018.1.163/linux/tbb/lib/intel64_lin/gcc4.4 -L/opt/ohpc/pub/compiler/gcc/7.2.0/lib/gcc/x86_64-pc-linux-gnu/7.2.0/../../.. /tmp/ccK788GI.o -lgfortran -lm -lgcc_s -lgcc -lquadmath -lm -lgcc_s -lgcc -lc -lgcc_s -lgcc /opt/ohpc/pub/compiler/gcc/7.2.0/lib/gcc/x86_64-pc-linux-gnu/7.2.0/crtend.o /lib/../lib64/crtn.o
configure:9441: result:  -L/opt/ohpc/pub/compiler/gcc/7.2.0/lib/gcc/x86_64-pc-linux-gnu/7.2.0 -L/opt/ohpc/pub/compiler/gcc/7.2.0/lib/gcc/x86_64-pc-linux-gnu/7.2.0/../../../../lib64 -L/lib/../lib64 -L/usr/lib/../lib64 -L/opt/ohpc/pub/compiler/intel-18/compilers_and_libraries_2018.1.163/linux/tbb/lib/intel64/gcc4.1 -L/opt/ohpc/pub/compiler/intel-18/compilers_and_libraries_2018.1.163/linux/tbb/lib/intel64_lin/gcc4.1 -L/opt/ohpc/pub/compiler/intel-18/compilers_and_libraries_2018.1.163/linux/compiler/lib/intel64_lin -L/opt/ohpc/pub/compiler/intel-18/compilers_and_libraries_2018.1.163/linux/mkl/lib/intel64_lin -L/opt/ohpc/pub/compiler/intel-18/compilers_and_libraries_2018.1.163/linux/ipp/lib/intel64 -L/opt/ohpc/pub/compiler/intel-18/compilers_and_libraries_2018.1.163/linux/daal/lib/intel64_lin -L/opt/ohpc/pub/compiler/intel-18/compilers_and_libraries_2018.1.163/linux/tbb/lib/intel64_lin/gcc4.4 -L/opt/ohpc/pub/compiler/gcc/7.2.0/lib/gcc/x86_64-pc-linux-gnu/7.2.0/../../.. -lgfortran -lm -lquadmath
configure:9457: checking for dummy main to link with Fortran 77 libraries
configure:9491: cc -o conftest -g -O2   conftest.c   -L/opt/ohpc/pub/compiler/gcc/7.2.0/lib/gcc/x86_64-pc-linux-gnu/7.2.0 -L/opt/ohpc/pub/compiler/gcc/7.2.0/lib/gcc/x86_64-pc-linux-gnu/7.2.0/../../../../lib64 -L/lib/../lib64 -L/usr/lib/../lib64 -L/opt/ohpc/pub/compiler/intel-18/compilers_and_libraries_2018.1.163/linux/tbb/lib/intel64/gcc4.1 -L/opt/ohpc/pub/compiler/intel-18/compilers_and_libraries_2018.1.163/linux/tbb/lib/intel64_lin/gcc4.1 -L/opt/ohpc/pub/compiler/intel-18/compilers_and_libraries_2018.1.163/linux/compiler/lib/intel64_lin -L/opt/ohpc/pub/compiler/intel-18/compilers_and_libraries_2018.1.163/linux/mkl/lib/intel64_lin -L/opt/ohpc/pub/compiler/intel-18/compilers_and_libraries_2018.1.163/linux/ipp/lib/intel64 -L/opt/ohpc/pub/compiler/intel-18/compilers_and_libraries_2018.1.163/linux/daal/lib/intel64_lin -L/opt/ohpc/pub/compiler/intel-18/compilers_and_libraries_2018.1.163/linux/tbb/lib/intel64_lin/gcc4.4 -L/opt/ohpc/pub/compiler/gcc/7.2.0/lib/gcc/x86_64-pc-linux-gnu/7.2.0/../../.. -lgfortran -lm -lquadmath >&5
configure:9491: $? = 0
configure:9536: result: none
configure:9571: checking for Fortran 77 name-mangling scheme
configure:9584: gfortran -c -g -O2 conftest.f >&5
configure:9584: $? = 0
configure:9625: cc -o conftest -g -O2   conftest.c cfortran_test.o   -L/opt/ohpc/pub/compiler/gcc/7.2.0/lib/gcc/x86_64-pc-linux-gnu/7.2.0 -L/opt/ohpc/pub/compiler/gcc/7.2.0/lib/gcc/x86_64-pc-linux-gnu/7.2.0/../../../../lib64 -L/lib/../lib64 -L/usr/lib/../lib64 -L/opt/ohpc/pub/compiler/intel-18/compilers_and_libraries_2018.1.163/linux/tbb/lib/intel64/gcc4.1 -L/opt/ohpc/pub/compiler/intel-18/compilers_and_libraries_2018.1.163/linux/tbb/lib/intel64_lin/gcc4.1 -L/opt/ohpc/pub/compiler/intel-18/compilers_and_libraries_2018.1.163/linux/compiler/lib/intel64_lin -L/opt/ohpc/pub/compiler/intel-18/compilers_and_libraries_2018.1.163/linux/mkl/lib/intel64_lin -L/opt/ohpc/pub/compiler/intel-18/compilers_and_libraries_2018.1.163/linux/ipp/lib/intel64 -L/opt/ohpc/pub/compiler/intel-18/compilers_and_libraries_2018.1.163/linux/daal/lib/intel64_lin -L/opt/ohpc/pub/compiler/intel-18/compilers_and_libraries_2018.1.163/linux/tbb/lib/intel64_lin/gcc4.4 -L/opt/ohpc/pub/compiler/gcc/7.2.0/lib/gcc/x86_64-pc-linux-gnu/7.2.0/../../.. -lgfortran -lm -lquadmath >&5
/tmp/ccSApIJ9.o: In function `main':
/home/ihme/oshende/local/fftw-2.1.5/conftest.c:41: undefined reference to `foobar'
collect2: error: ld returned 1 exit status
configure:9625: $? = 1
configure: failed program was:
| /* confdefs.h */
| #define PACKAGE_NAME ""
| #define PACKAGE_TARNAME ""
| #define PACKAGE_VERSION ""
| #define PACKAGE_STRING ""
| #define PACKAGE_BUGREPORT ""
| #define PACKAGE_URL ""
| #define PACKAGE "fftw"
| #define VERSION "2.1.5"
| #define STDC_HEADERS 1
| #define HAVE_SYS_TYPES_H 1
| #define HAVE_SYS_STAT_H 1
| #define HAVE_STDLIB_H 1
| #define HAVE_STRING_H 1
| #define HAVE_MEMORY_H 1
| #define HAVE_STRINGS_H 1
| #define HAVE_INTTYPES_H 1
| #define HAVE_STDINT_H 1
| #define HAVE_UNISTD_H 1
| #define HAVE_DLFCN_H 1
| /* end confdefs.h.  */
| 
| /* Override any GCC internal prototype to avoid an error.
|    Use char because int might match the return type of a GCC
|    builtin and then its argument prototype would still apply.  */
| #ifdef __cplusplus
| extern "C"
| #endif
| char foobar ();
| #ifdef F77_DUMMY_MAIN
| 
| #  ifdef __cplusplus
|      extern "C"
| #  endif
|    int F77_DUMMY_MAIN() { return 1; }
| 
| #endif
| int
| main ()
| {
| return foobar ();
|   ;
|   return 0;
| }
configure:9625: cc -o conftest -g -O2   conftest.c cfortran_test.o   -L/opt/ohpc/pub/compiler/gcc/7.2.0/lib/gcc/x86_64-pc-linux-gnu/7.2.0 -L/opt/ohpc/pub/compiler/gcc/7.2.0/lib/gcc/x86_64-pc-linux-gnu/7.2.0/../../../../lib64 -L/lib/../lib64 -L/usr/lib/../lib64 -L/opt/ohpc/pub/compiler/intel-18/compilers_and_libraries_2018.1.163/linux/tbb/lib/intel64/gcc4.1 -L/opt/ohpc/pub/compiler/intel-18/compilers_and_libraries_2018.1.163/linux/tbb/lib/intel64_lin/gcc4.1 -L/opt/ohpc/pub/compiler/intel-18/compilers_and_libraries_2018.1.163/linux/compiler/lib/intel64_lin -L/opt/ohpc/pub/compiler/intel-18/compilers_and_libraries_2018.1.163/linux/mkl/lib/intel64_lin -L/opt/ohpc/pub/compiler/intel-18/compilers_and_libraries_2018.1.163/linux/ipp/lib/intel64 -L/opt/ohpc/pub/compiler/intel-18/compilers_and_libraries_2018.1.163/linux/daal/lib/intel64_lin -L/opt/ohpc/pub/compiler/intel-18/compilers_and_libraries_2018.1.163/linux/tbb/lib/intel64_lin/gcc4.4 -L/opt/ohpc/pub/compiler/gcc/7.2.0/lib/gcc/x86_64-pc-linux-gnu/7.2.0/../../.. -lgfortran -lm -lquadmath >&5
configure:9625: $? = 0
configure:9683: cc -o conftest -g -O2   conftest.c cfortran_test.o   -L/opt/ohpc/pub/compiler/gcc/7.2.0/lib/gcc/x86_64-pc-linux-gnu/7.2.0 -L/opt/ohpc/pub/compiler/gcc/7.2.0/lib/gcc/x86_64-pc-linux-gnu/7.2.0/../../../../lib64 -L/lib/../lib64 -L/usr/lib/../lib64 -L/opt/ohpc/pub/compiler/intel-18/compilers_and_libraries_2018.1.163/linux/tbb/lib/intel64/gcc4.1 -L/opt/ohpc/pub/compiler/intel-18/compilers_and_libraries_2018.1.163/linux/tbb/lib/intel64_lin/gcc4.1 -L/opt/ohpc/pub/compiler/intel-18/compilers_and_libraries_2018.1.163/linux/compiler/lib/intel64_lin -L/opt/ohpc/pub/compiler/intel-18/compilers_and_libraries_2018.1.163/linux/mkl/lib/intel64_lin -L/opt/ohpc/pub/compiler/intel-18/compilers_and_libraries_2018.1.163/linux/ipp/lib/intel64 -L/opt/ohpc/pub/compiler/intel-18/compilers_and_libraries_2018.1.163/linux/daal/lib/intel64_lin -L/opt/ohpc/pub/compiler/intel-18/compilers_and_libraries_2018.1.163/linux/tbb/lib/intel64_lin/gcc4.4 -L/opt/ohpc/pub/compiler/gcc/7.2.0/lib/gcc/x86_64-pc-linux-gnu/7.2.0/../../.. -lgfortran -lm -lquadmath >&5
configure:9683: $? = 0
configure:9725: result: lower case, underscore, no extra underscore
configure:9891: checking whether cc accepts -malign-double
configure:9905: result: yes
configure:9918: checking whether cc accepts -fstrict-aliasing
configure:9932: result: yes
configure:10329: checking whether cc accepts -O3 -fomit-frame-pointer -fno-schedule-insns -fschedule-insns2 -malign-double -fstrict-aliasing
configure:10343: result: yes
configure:10372: checking whether cc accepts -mpreferred-stack-boundary=4
configure:10386: result: yes
configure:10397: checking whether the stack is correctly aligned by gcc
configure:10417: cc -o conftest -O -malign-double   conftest.c  >&5
configure:10417: $? = 0
configure:10417: ./conftest
configure:10417: $? = 0
configure:10427: result: yes
configure:10483: checking for sqrt in -lm
configure:10516: cc -o conftest -O3 -fomit-frame-pointer -fno-schedule-insns -fschedule-insns2 -malign-double -fstrict-aliasing   conftest.c -lm   >&5
conftest.c:33:6: warning: conflicting types for built-in function 'sqrt' [enabled by default]
 char sqrt ();
      ^
configure:10516: $? = 0
configure:10525: result: yes
configure:10537: checking for ANSI C header files
configure:10649: result: yes
configure:10660: checking sys/time.h usability
configure:10660: cc -c -O3 -fomit-frame-pointer -fno-schedule-insns -fschedule-insns2 -malign-double -fstrict-aliasing  conftest.c >&5
configure:10660: $? = 0
configure:10660: result: yes
configure:10660: checking sys/time.h presence
configure:10660: cc -E  conftest.c
configure:10660: $? = 0
configure:10660: result: yes
configure:10660: checking for sys/time.h
configure:10660: result: yes
configure:10660: checking for unistd.h
configure:10660: result: yes
configure:10660: checking getopt.h usability
configure:10660: cc -c -O3 -fomit-frame-pointer -fno-schedule-insns -fschedule-insns2 -malign-double -fstrict-aliasing  conftest.c >&5
configure:10660: $? = 0
configure:10660: result: yes
configure:10660: checking getopt.h presence
configure:10660: cc -E  conftest.c
configure:10660: $? = 0
configure:10660: result: yes
configure:10660: checking for getopt.h
configure:10660: result: yes
configure:10660: checking malloc.h usability
configure:10660: cc -c -O3 -fomit-frame-pointer -fno-schedule-insns -fschedule-insns2 -malign-double -fstrict-aliasing  conftest.c >&5
configure:10660: $? = 0
configure:10660: result: yes
configure:10660: checking malloc.h presence
configure:10660: cc -E  conftest.c
configure:10660: $? = 0
configure:10660: result: yes
configure:10660: checking for malloc.h
configure:10660: result: yes
configure:10671: checking for an ANSI C-conforming const
configure:10745: cc -c -O3 -fomit-frame-pointer -fno-schedule-insns -fschedule-insns2 -malign-double -fstrict-aliasing  conftest.c >&5
configure:10745: $? = 0
configure:10752: result: yes
configure:10760: checking for size_t
configure:10760: cc -c -O3 -fomit-frame-pointer -fno-schedule-insns -fschedule-insns2 -malign-double -fstrict-aliasing  conftest.c >&5
configure:10760: $? = 0
configure:10760: cc -c -O3 -fomit-frame-pointer -fno-schedule-insns -fschedule-insns2 -malign-double -fstrict-aliasing  conftest.c >&5
conftest.c: In function 'main':
conftest.c:76:21: error: expected expression before ')' token
 if (sizeof ((size_t)))
                     ^
configure:10760: $? = 1
configure: failed program was:
| /* confdefs.h */
| #define PACKAGE_NAME ""
| #define PACKAGE_TARNAME ""
| #define PACKAGE_VERSION ""
| #define PACKAGE_STRING ""
| #define PACKAGE_BUGREPORT ""
| #define PACKAGE_URL ""
| #define PACKAGE "fftw"
| #define VERSION "2.1.5"
| #define STDC_HEADERS 1
| #define HAVE_SYS_TYPES_H 1
| #define HAVE_SYS_STAT_H 1
| #define HAVE_STDLIB_H 1
| #define HAVE_STRING_H 1
| #define HAVE_MEMORY_H 1
| #define HAVE_STRINGS_H 1
| #define HAVE_INTTYPES_H 1
| #define HAVE_STDINT_H 1
| #define HAVE_UNISTD_H 1
| #define HAVE_DLFCN_H 1
| #define F77_FUNC(name,NAME) name ## _
| #define F77_FUNC_(name,NAME) name ## _
| #define FFTW_VERSION "2.1.5"
| #define FFTW_GCC_ALIGNS_STACK 1
| #define HAVE_LIBM 1
| #define STDC_HEADERS 1
| #define HAVE_SYS_TIME_H 1
| #define HAVE_UNISTD_H 1
| #define HAVE_GETOPT_H 1
| #define HAVE_MALLOC_H 1
| /* end confdefs.h.  */
| #include <stdio.h>
| #ifdef HAVE_SYS_TYPES_H
| # include <sys/types.h>
| #endif
| #ifdef HAVE_SYS_STAT_H
| # include <sys/stat.h>
| #endif
| #ifdef STDC_HEADERS
| # include <stdlib.h>
| # include <stddef.h>
| #else
| # ifdef HAVE_STDLIB_H
| #  include <stdlib.h>
| # endif
| #endif
| #ifdef HAVE_STRING_H
| # if !defined STDC_HEADERS && defined HAVE_MEMORY_H
| #  include <memory.h>
| # endif
| # include <string.h>
| #endif
| #ifdef HAVE_STRINGS_H
| # include <strings.h>
| #endif
| #ifdef HAVE_INTTYPES_H
| # include <inttypes.h>
| #endif
| #ifdef HAVE_STDINT_H
| # include <stdint.h>
| #endif
| #ifdef HAVE_UNISTD_H
| # include <unistd.h>
| #endif
| #ifdef F77_DUMMY_MAIN
| 
| #  ifdef __cplusplus
|      extern "C"
| #  endif
|    int F77_DUMMY_MAIN() { return 1; }
| 
| #endif
| int
| main ()
| {
| if (sizeof ((size_t)))
| 	    return 0;
|   ;
|   return 0;
| }
configure:10760: result: yes
configure:10771: checking whether time.h and sys/time.h may both be included
configure:10799: cc -c -O3 -fomit-frame-pointer -fno-schedule-insns -fschedule-insns2 -malign-double -fstrict-aliasing  conftest.c >&5
configure:10799: $? = 0
configure:10806: result: yes
configure:10831: checking for working alloca.h
configure:10856: cc -o conftest -O3 -fomit-frame-pointer -fno-schedule-insns -fschedule-insns2 -malign-double -fstrict-aliasing   conftest.c -lm  >&5
configure:10856: $? = 0
configure:10864: result: yes
configure:10872: checking for alloca
configure:10917: cc -o conftest -O3 -fomit-frame-pointer -fno-schedule-insns -fschedule-insns2 -malign-double -fstrict-aliasing   conftest.c -lm  >&5
configure:10917: $? = 0
configure:10925: result: yes
configure:11033: checking for gettimeofday
configure:11033: cc -o conftest -O3 -fomit-frame-pointer -fno-schedule-insns -fschedule-insns2 -malign-double -fstrict-aliasing   conftest.c -lm  >&5
configure:11033: $? = 0
configure:11033: result: yes
configure:11044: checking for BSDgettimeofday
configure:11044: cc -o conftest -O3 -fomit-frame-pointer -fno-schedule-insns -fschedule-insns2 -malign-double -fstrict-aliasing   conftest.c -lm  >&5
/tmp/ccpabctL.o: In function `main':
conftest.c:(.text.startup+0x7): undefined reference to `BSDgettimeofday'
collect2: error: ld returned 1 exit status
configure:11044: $? = 1
configure: failed program was:
| /* confdefs.h */
| #define PACKAGE_NAME ""
| #define PACKAGE_TARNAME ""
| #define PACKAGE_VERSION ""
| #define PACKAGE_STRING ""
| #define PACKAGE_BUGREPORT ""
| #define PACKAGE_URL ""
| #define PACKAGE "fftw"
| #define VERSION "2.1.5"
| #define STDC_HEADERS 1
| #define HAVE_SYS_TYPES_H 1
| #define HAVE_SYS_STAT_H 1
| #define HAVE_STDLIB_H 1
| #define HAVE_STRING_H 1
| #define HAVE_MEMORY_H 1
| #define HAVE_STRINGS_H 1
| #define HAVE_INTTYPES_H 1
| #define HAVE_STDINT_H 1
| #define HAVE_UNISTD_H 1
| #define HAVE_DLFCN_H 1
| #define F77_FUNC(name,NAME) name ## _
| #define F77_FUNC_(name,NAME) name ## _
| #define FFTW_VERSION "2.1.5"
| #define FFTW_GCC_ALIGNS_STACK 1
| #define HAVE_LIBM 1
| #define STDC_HEADERS 1
| #define HAVE_SYS_TIME_H 1
| #define HAVE_UNISTD_H 1
| #define HAVE_GETOPT_H 1
| #define HAVE_MALLOC_H 1
| #define TIME_WITH_SYS_TIME 1
| #define HAVE_ALLOCA_H 1
| #define HAVE_ALLOCA 1
| #define HAVE_GETTIMEOFDAY 1
| /* end confdefs.h.  */
| /* Define BSDgettimeofday to an innocuous variant, in case <limits.h> declares BSDgettimeofday.
|    For example, HP-UX 11i <limits.h> declares gettimeofday.  */
| #define BSDgettimeofday innocuous_BSDgettimeofday
| 
| /* System header to define __stub macros and hopefully few prototypes,
|     which can conflict with char BSDgettimeofday (); below.
|     Prefer <limits.h> to <assert.h> if __STDC__ is defined, since
|     <limits.h> exists even on freestanding compilers.  */
| 
| #ifdef __STDC__
| # include <limits.h>
| #else
| # include <assert.h>
| #endif
| 
| #undef BSDgettimeofday
| 
| /* Override any GCC internal prototype to avoid an error.
|    Use char because int might match the return type of a GCC
|    builtin and then its argument prototype would still apply.  */
| #ifdef __cplusplus
| extern "C"
| #endif
| char BSDgettimeofday ();
| /* The GNU C library defines this for functions which it implements
|     to always fail with ENOSYS.  Some functions are actually named
|     something starting with __ and the normal name is an alias.  */
| #if defined __stub_BSDgettimeofday || defined __stub___BSDgettimeofday
| choke me
| #endif
| 
| int
| main ()
| {
| return BSDgettimeofday ();
|   ;
|   return 0;
| }
configure:11044: result: no
configure:11055: checking for gethrtime
configure:11055: cc -o conftest -O3 -fomit-frame-pointer -fno-schedule-insns -fschedule-insns2 -malign-double -fstrict-aliasing   conftest.c -lm  >&5
/tmp/cc49InqX.o: In function `main':
conftest.c:(.text.startup+0x7): undefined reference to `gethrtime'
collect2: error: ld returned 1 exit status
configure:11055: $? = 1
configure: failed program was:
| /* confdefs.h */
| #define PACKAGE_NAME ""
| #define PACKAGE_TARNAME ""
| #define PACKAGE_VERSION ""
| #define PACKAGE_STRING ""
| #define PACKAGE_BUGREPORT ""
| #define PACKAGE_URL ""
| #define PACKAGE "fftw"
| #define VERSION "2.1.5"
| #define STDC_HEADERS 1
| #define HAVE_SYS_TYPES_H 1
| #define HAVE_SYS_STAT_H 1
| #define HAVE_STDLIB_H 1
| #define HAVE_STRING_H 1
| #define HAVE_MEMORY_H 1
| #define HAVE_STRINGS_H 1
| #define HAVE_INTTYPES_H 1
| #define HAVE_STDINT_H 1
| #define HAVE_UNISTD_H 1
| #define HAVE_DLFCN_H 1
| #define F77_FUNC(name,NAME) name ## _
| #define F77_FUNC_(name,NAME) name ## _
| #define FFTW_VERSION "2.1.5"
| #define FFTW_GCC_ALIGNS_STACK 1
| #define HAVE_LIBM 1
| #define STDC_HEADERS 1
| #define HAVE_SYS_TIME_H 1
| #define HAVE_UNISTD_H 1
| #define HAVE_GETOPT_H 1
| #define HAVE_MALLOC_H 1
| #define TIME_WITH_SYS_TIME 1
| #define HAVE_ALLOCA_H 1
| #define HAVE_ALLOCA 1
| #define HAVE_GETTIMEOFDAY 1
| /* end confdefs.h.  */
| /* Define gethrtime to an innocuous variant, in case <limits.h> declares gethrtime.
|    For example, HP-UX 11i <limits.h> declares gettimeofday.  */
| #define gethrtime innocuous_gethrtime
| 
| /* System header to define __stub macros and hopefully few prototypes,
|     which can conflict with char gethrtime (); below.
|     Prefer <limits.h> to <assert.h> if __STDC__ is defined, since
|     <limits.h> exists even on freestanding compilers.  */
| 
| #ifdef __STDC__
| # include <limits.h>
| #else
| # include <assert.h>
| #endif
| 
| #undef gethrtime
| 
| /* Override any GCC internal prototype to avoid an error.
|    Use char because int might match the return type of a GCC
|    builtin and then its argument prototype would still apply.  */
| #ifdef __cplusplus
| extern "C"
| #endif
| char gethrtime ();
| /* The GNU C library defines this for functions which it implements
|     to always fail with ENOSYS.  Some functions are actually named
|     something starting with __ and the normal name is an alias.  */
| #if defined __stub_gethrtime || defined __stub___gethrtime
| choke me
| #endif
| 
| int
| main ()
| {
| return gethrtime ();
|   ;
|   return 0;
| }
configure:11055: result: no
configure:11066: checking for getopt
configure:11066: cc -o conftest -O3 -fomit-frame-pointer -fno-schedule-insns -fschedule-insns2 -malign-double -fstrict-aliasing   conftest.c -lm  >&5
configure:11066: $? = 0
configure:11066: result: yes
configure:11077: checking for getopt_long
configure:11077: cc -o conftest -O3 -fomit-frame-pointer -fno-schedule-insns -fschedule-insns2 -malign-double -fstrict-aliasing   conftest.c -lm  >&5
configure:11077: $? = 0
configure:11077: result: yes
configure:11087: checking for isnan
configure:11109: cc -o conftest -O3 -fomit-frame-pointer -fno-schedule-insns -fschedule-insns2 -malign-double -fstrict-aliasing   conftest.c -lm  >&5
configure:11109: $? = 0
configure:11120: result: yes
configure:11125: checking for hrtime_t
configure:11150: cc -o conftest -O3 -fomit-frame-pointer -fno-schedule-insns -fschedule-insns2 -malign-double -fstrict-aliasing   conftest.c -lm  >&5
conftest.c: In function 'main':
conftest.c:55:1: error: unknown type name 'hrtime_t'
 hrtime_t foobar;
 ^
configure:11150: $? = 1
configure: failed program was:
| /* confdefs.h */
| #define PACKAGE_NAME ""
| #define PACKAGE_TARNAME ""
| #define PACKAGE_VERSION ""
| #define PACKAGE_STRING ""
| #define PACKAGE_BUGREPORT ""
| #define PACKAGE_URL ""
| #define PACKAGE "fftw"
| #define VERSION "2.1.5"
| #define STDC_HEADERS 1
| #define HAVE_SYS_TYPES_H 1
| #define HAVE_SYS_STAT_H 1
| #define HAVE_STDLIB_H 1
| #define HAVE_STRING_H 1
| #define HAVE_MEMORY_H 1
| #define HAVE_STRINGS_H 1
| #define HAVE_INTTYPES_H 1
| #define HAVE_STDINT_H 1
| #define HAVE_UNISTD_H 1
| #define HAVE_DLFCN_H 1
| #define F77_FUNC(name,NAME) name ## _
| #define F77_FUNC_(name,NAME) name ## _
| #define FFTW_VERSION "2.1.5"
| #define FFTW_GCC_ALIGNS_STACK 1
| #define HAVE_LIBM 1
| #define STDC_HEADERS 1
| #define HAVE_SYS_TIME_H 1
| #define HAVE_UNISTD_H 1
| #define HAVE_GETOPT_H 1
| #define HAVE_MALLOC_H 1
| #define TIME_WITH_SYS_TIME 1
| #define HAVE_ALLOCA_H 1
| #define HAVE_ALLOCA 1
| #define HAVE_GETTIMEOFDAY 1
| #define HAVE_GETOPT 1
| #define HAVE_GETOPT_LONG 1
| #define HAVE_ISNAN 1
| /* end confdefs.h.  */
| 
| #ifdef HAVE_SYS_TIME_H
| #include <sys/time.h>
| #endif
| 
| #ifdef F77_DUMMY_MAIN
| 
| #  ifdef __cplusplus
|      extern "C"
| #  endif
|    int F77_DUMMY_MAIN() { return 1; }
| 
| #endif
| int
| main ()
| {
| hrtime_t foobar;
|   ;
|   return 0;
| }
configure:11161: result: no
configure:11168: checking size of int
configure:11173: cc -o conftest -O3 -fomit-frame-pointer -fno-schedule-insns -fschedule-insns2 -malign-double -fstrict-aliasing   conftest.c -lm  >&5
configure:11173: $? = 0
configure:11173: ./conftest
configure:11173: $? = 0
configure:11187: result: 4
configure:11201: checking size of long long
configure:11206: cc -o conftest -O3 -fomit-frame-pointer -fno-schedule-insns -fschedule-insns2 -malign-double -fstrict-aliasing   conftest.c -lm  >&5
configure:11206: $? = 0
configure:11206: ./conftest
configure:11206: $? = 0
configure:11220: result: 8
configure:11246: checking whether cc accepts "-fkeep-programmers-inline"
configure:11260: result: no
configure:11272: checking whether cc accepts "-vomit-frame-pointer"
configure:11286: result: no
configure:12469: creating ./config.status

## ---------------- ##
## Cache variables. ##
## ---------------- ##

ac_cv_build=x86_64-unknown-linux-gnu
ac_cv_c_compiler_gnu=yes
ac_cv_c_const=yes
ac_cv_env_CC_set=
ac_cv_env_CC_value=
ac_cv_env_CFLAGS_set=
ac_cv_env_CFLAGS_value=
ac_cv_env_CPPFLAGS_set=
ac_cv_env_CPPFLAGS_value=
ac_cv_env_CPP_set=
ac_cv_env_CPP_value=
ac_cv_env_F77_set=
ac_cv_env_F77_value=
ac_cv_env_FFLAGS_set=
ac_cv_env_FFLAGS_value=
ac_cv_env_LDFLAGS_set=
ac_cv_env_LDFLAGS_value=
ac_cv_env_LIBS_set=
ac_cv_env_LIBS_value=
ac_cv_env_build_alias_set=
ac_cv_env_build_alias_value=
ac_cv_env_host_alias_set=
ac_cv_env_host_alias_value=
ac_cv_env_target_alias_set=
ac_cv_env_target_alias_value=
ac_cv_f77_compiler_gnu=yes
ac_cv_f77_dummy_main=none
ac_cv_f77_libs=' -L/opt/ohpc/pub/compiler/gcc/7.2.0/lib/gcc/x86_64-pc-linux-gnu/7.2.0 -L/opt/ohpc/pub/compiler/gcc/7.2.0/lib/gcc/x86_64-pc-linux-gnu/7.2.0/../../../../lib64 -L/lib/../lib64 -L/usr/lib/../lib64 -L/opt/ohpc/pub/compiler/intel-18/compilers_and_libraries_2018.1.163/linux/tbb/lib/intel64/gcc4.1 -L/opt/ohpc/pub/compiler/intel-18/compilers_and_libraries_2018.1.163/linux/tbb/lib/intel64_lin/gcc4.1 -L/opt/ohpc/pub/compiler/intel-18/compilers_and_libraries_2018.1.163/linux/compiler/lib/intel64_lin -L/opt/ohpc/pub/compiler/intel-18/compilers_and_libraries_2018.1.163/linux/mkl/lib/intel64_lin -L/opt/ohpc/pub/compiler/intel-18/compilers_and_libraries_2018.1.163/linux/ipp/lib/intel64 -L/opt/ohpc/pub/compiler/intel-18/compilers_and_libraries_2018.1.163/linux/daal/lib/intel64_lin -L/opt/ohpc/pub/compiler/intel-18/compilers_and_libraries_2018.1.163/linux/tbb/lib/intel64_lin/gcc4.4 -L/opt/ohpc/pub/compiler/gcc/7.2.0/lib/gcc/x86_64-pc-linux-gnu/7.2.0/../../.. -lgfortran -lm -lquadmath'
ac_cv_f77_mangling='lower case, underscore, no extra underscore'
ac_cv_fortran_dummy_main=none
ac_cv_func_BSDgettimeofday=no
ac_cv_func_alloca_works=yes
ac_cv_func_gethrtime=no
ac_cv_func_getopt=yes
ac_cv_func_getopt_long=yes
ac_cv_func_gettimeofday=yes
ac_cv_header_dlfcn_h=yes
ac_cv_header_getopt_h=yes
ac_cv_header_inttypes_h=yes
ac_cv_header_malloc_h=yes
ac_cv_header_memory_h=yes
ac_cv_header_stdc=yes
ac_cv_header_stdint_h=yes
ac_cv_header_stdlib_h=yes
ac_cv_header_string_h=yes
ac_cv_header_strings_h=yes
ac_cv_header_sys_stat_h=yes
ac_cv_header_sys_time_h=yes
ac_cv_header_sys_types_h=yes
ac_cv_header_time=yes
ac_cv_header_unistd_h=yes
ac_cv_host=x86_64-unknown-linux-gnu
ac_cv_lib_m_sqrt=yes
ac_cv_objext=o
ac_cv_path_EGREP='/usr/bin/grep -E'
ac_cv_path_GREP=/usr/bin/grep
ac_cv_path_install='/usr/bin/install -c'
ac_cv_prog_AWK=gawk
ac_cv_prog_CC=cc
ac_cv_prog_CPP='cc -E'
ac_cv_prog_PERL=perl
ac_cv_prog_ac_ct_F77=gfortran
ac_cv_prog_ac_ct_RANLIB=ranlib
ac_cv_prog_ac_ct_STRIP=strip
ac_cv_prog_cc_c89=
ac_cv_prog_cc_g=yes
ac_cv_prog_f77_g=yes
ac_cv_prog_f77_v=-v
ac_cv_prog_gcc_2_90=yes
ac_cv_prog_make_make_set=yes
ac_cv_sizeof_int=4
ac_cv_sizeof_long_long=8
ac_cv_type_size_t=yes
ac_cv_working_alloca_h=yes
am_cv_CC_dependencies_compiler_type=gcc3
lt_cv_compiler_c_o=yes
lt_cv_compiler_o_lo=yes
lt_cv_deplibs_check_method='file_magic ELF [0-9][0-9]*-bit [LM]SB (shared object|dynamic lib )'
lt_cv_file_magic_cmd='$MAGIC_CMD'
lt_cv_file_magic_test_file='/lib/libc.so.6 /lib/libc-2.17.so'
lt_cv_global_symbol_to_c_name_address='sed -n -e '\''s/^: \([^ ]*\) $/  {\"\1\", (lt_ptr) 0},/p'\'' -e '\''s/^[BCDEGRST] \([^ ]*\) \([^ ]*\)$/  {"\2", (lt_ptr) \&\2},/p'\'''
lt_cv_global_symbol_to_cdecl='sed -n -e '\''s/^. .* \(.*\)$/extern char \1;/p'\'''
lt_cv_ld_reload_flag=-r
lt_cv_path_LD=/usr/bin/ld
lt_cv_path_MAGIC_CMD=/usr/bin/file
lt_cv_path_NM='/usr/bin/nm -B'
lt_cv_path_SED=/usr/bin/sed
lt_cv_prog_cc_can_build_shared=yes
lt_cv_prog_cc_no_builtin=
lt_cv_prog_cc_pic=' -fPIC'
lt_cv_prog_cc_pic_works=yes
lt_cv_prog_cc_shlib=
lt_cv_prog_cc_static=
lt_cv_prog_cc_static_works=no
lt_cv_prog_cc_wl=-Wl,
lt_cv_prog_gnu_ld=yes
lt_cv_sys_global_symbol_pipe='sed -n -e '\''s/^.*[ 	]\([ABCDGISTW][ABCDGISTW]*\)[ 	][ 	]*\(\)\([_A-Za-z][_A-Za-z0-9]*\)$/\1 \2\3 \3/p'\'''

## ----------------- ##
## Output variables. ##
## ----------------- ##

ACLOCAL='${SHELL} /home/ihme/oshende/local/fftw-2.1.5/missing --run aclocal-1.7'
ALLOCA=''
AMDEPBACKSLASH='\'
AMDEP_FALSE='#'
AMDEP_TRUE=''
AMTAR='${SHELL} /home/ihme/oshende/local/fftw-2.1.5/missing --run tar'
AUTOCONF='${SHELL} /home/ihme/oshende/local/fftw-2.1.5/missing --run autoconf'
AUTOHEADER='${SHELL} /home/ihme/oshende/local/fftw-2.1.5/missing --run autoheader'
AUTOMAKE='${SHELL} /home/ihme/oshende/local/fftw-2.1.5/missing --run automake-1.7'
AWK='gawk'
CC='cc'
CCDEPMODE='depmode=gcc3'
CFLAGS='-O3 -fomit-frame-pointer -fno-schedule-insns -fschedule-insns2 -malign-double -fstrict-aliasing'
CPP='cc -E'
CPPFLAGS=''
CYGPATH_W='echo'
DEFS='-DHAVE_CONFIG_H'
DEPDIR='.deps'
ECHO='echo'
ECHO_C=''
ECHO_N='-n'
ECHO_T=''
EGREP='/usr/bin/grep -E'
EXEEXT=''
F77='gfortran'
FFLAGS='-g -O2'
FFTW_MPI_INCLUDELIST=''
FFTW_MPI_LIBLIST=''
FFTW_MPI_PROGLIST=''
FFTW_PREFIX1='xyz'
FFTW_PREFIX=''
FFTW_THREADS_INCLUDELIST=''
FFTW_THREADS_LIBLIST=''
FFTW_THREADS_PROGLIST=''
FLIBS=' -L/opt/ohpc/pub/compiler/gcc/7.2.0/lib/gcc/x86_64-pc-linux-gnu/7.2.0 -L/opt/ohpc/pub/compiler/gcc/7.2.0/lib/gcc/x86_64-pc-linux-gnu/7.2.0/../../../../lib64 -L/lib/../lib64 -L/usr/lib/../lib64 -L/opt/ohpc/pub/compiler/intel-18/compilers_and_libraries_2018.1.163/linux/tbb/lib/intel64/gcc4.1 -L/opt/ohpc/pub/compiler/intel-18/compilers_and_libraries_2018.1.163/linux/tbb/lib/intel64_lin/gcc4.1 -L/opt/ohpc/pub/compiler/intel-18/compilers_and_libraries_2018.1.163/linux/compiler/lib/intel64_lin -L/opt/ohpc/pub/compiler/intel-18/compilers_and_libraries_2018.1.163/linux/mkl/lib/intel64_lin -L/opt/ohpc/pub/compiler/intel-18/compilers_and_libraries_2018.1.163/linux/ipp/lib/intel64 -L/opt/ohpc/pub/compiler/intel-18/compilers_and_libraries_2018.1.163/linux/daal/lib/intel64_lin -L/opt/ohpc/pub/compiler/intel-18/compilers_and_libraries_2018.1.163/linux/tbb/lib/intel64_lin/gcc4.4 -L/opt/ohpc/pub/compiler/gcc/7.2.0/lib/gcc/x86_64-pc-linux-gnu/7.2.0/../../.. -lgfortran -lm -lquadmath'
GREP='/usr/bin/grep'
INSTALL_DATA='${INSTALL} -m 644'
INSTALL_PROGRAM='${INSTALL}'
INSTALL_SCRIPT='${INSTALL}'
INSTALL_STRIP_PROGRAM='${SHELL} $(install_sh) -c -s'
LDFLAGS=''
LIBOBJS=''
LIBS='-lm '
LIBTOOL='$(SHELL) $(top_builddir)/libtool'
LN_S='ln -s'
LTLIBOBJS=''
MAKEINFO='${SHELL} /home/ihme/oshende/local/fftw-2.1.5/missing --run makeinfo'
MPICC='cc'
MPILIBS=''
OBJEXT='o'
PACKAGE='fftw'
PACKAGE_BUGREPORT=''
PACKAGE_NAME=''
PACKAGE_STRING=''
PACKAGE_TARNAME=''
PACKAGE_URL=''
PACKAGE_VERSION=''
PATH_SEPARATOR=':'
PERL='perl'
PTHREAD_CC=''
PTHREAD_CFLAGS=''
PTHREAD_LIBS=''
RANLIB='ranlib'
SET_MAKE=''
SHARED_VERSION='2.0.7'
SHARED_VERSION_INFO='2:7:0'
SHELL='/bin/sh'
STRIP='strip'
THREADLIBS=''
VERSION='2.1.5'
ac_ct_CC=''
ac_ct_F77='gfortran'
am__fastdepCC_FALSE='#'
am__fastdepCC_TRUE=''
am__include='include'
am__leading_dot='.'
am__quote=''
bindir='${exec_prefix}/bin'
build='x86_64-unknown-linux-gnu'
build_alias=''
build_cpu='x86_64'
build_os='linux-gnu'
build_vendor='unknown'
datadir='${datarootdir}'
datarootdir='${prefix}/share'
docdir='${datarootdir}/doc/${PACKAGE}'
dvidir='${docdir}'
exec_prefix='${prefix}'
host='x86_64-unknown-linux-gnu'
host_alias=''
host_cpu='x86_64'
host_os='linux-gnu'
host_vendor='unknown'
htmldir='${docdir}'
includedir='${prefix}/include'
infodir='${datarootdir}/info'
install_sh='/home/ihme/oshende/local/fftw-2.1.5/install-sh'
libdir='${exec_prefix}/lib'
libexecdir='${exec_prefix}/libexec'
localedir='${datarootdir}/locale'
localstatedir='${prefix}/var'
mandir='${datarootdir}/man'
oldincludedir='/usr/include'
pdfdir='${docdir}'
prefix='/usr/local'
program_transform_name='s,x,x,'
psdir='${docdir}'
sbindir='${exec_prefix}/sbin'
sharedstatedir='${prefix}/com'
sysconfdir='${prefix}/etc'
target_alias=''

## ----------- ##
## confdefs.h. ##
## ----------- ##

/* confdefs.h */
#define PACKAGE_NAME ""
#define PACKAGE_TARNAME ""
#define PACKAGE_VERSION ""
#define PACKAGE_STRING ""
#define PACKAGE_BUGREPORT ""
#define PACKAGE_URL ""
#define PACKAGE "fftw"
#define VERSION "2.1.5"
#define STDC_HEADERS 1
#define HAVE_SYS_TYPES_H 1
#define HAVE_SYS_STAT_H 1
#define HAVE_STDLIB_H 1
#define HAVE_STRING_H 1
#define HAVE_MEMORY_H 1
#define HAVE_STRINGS_H 1
#define HAVE_INTTYPES_H 1
#define HAVE_STDINT_H 1
#define HAVE_UNISTD_H 1
#define HAVE_DLFCN_H 1
#define F77_FUNC(name,NAME) name ## _
#define F77_FUNC_(name,NAME) name ## _
#define FFTW_VERSION "2.1.5"
#define FFTW_GCC_ALIGNS_STACK 1
#define HAVE_LIBM 1
#define STDC_HEADERS 1
#define HAVE_SYS_TIME_H 1
#define HAVE_UNISTD_H 1
#define HAVE_GETOPT_H 1
#define HAVE_MALLOC_H 1
#define TIME_WITH_SYS_TIME 1
#define HAVE_ALLOCA_H 1
#define HAVE_ALLOCA 1
#define HAVE_GETTIMEOFDAY 1
#define HAVE_GETOPT 1
#define HAVE_GETOPT_LONG 1
#define HAVE_ISNAN 1
#define SIZEOF_INT 4
#define SIZEOF_LONG_LONG 8

configure: exit 0

## ---------------------- ##
## Running config.status. ##
## ---------------------- ##

This file was extended by config.status, which was
generated by GNU Autoconf 2.69.  Invocation command line was

  CONFIG_FILES    = 
  CONFIG_HEADERS  = 
  CONFIG_LINKS    = 
  CONFIG_COMMANDS = 
  $ ./config.status Makefile

on certainty-login-0-1

config.status:909: creating Makefile
config.status:1012: WARNING:  'Makefile.in' seems to ignore the --datarootdir setting

## ---------------------- ##
## Running config.status. ##
## ---------------------- ##

This file was extended by config.status, which was
generated by GNU Autoconf 2.69.  Invocation command line was

  CONFIG_FILES    = 
  CONFIG_HEADERS  = 
  CONFIG_LINKS    = 
  CONFIG_COMMANDS = 
  $ ./config.status fftw/Makefile depfiles

on certainty-login-0-1

config.status:909: creating fftw/Makefile
config.status:1012: WARNING:  'fftw/Makefile.in' seems to ignore the --datarootdir setting
config.status:1131: executing depfiles commands

## ---------------------- ##
## Running config.status. ##
## ---------------------- ##

This file was extended by config.status, which was
generated by GNU Autoconf 2.69.  Invocation command line was

  CONFIG_FILES    = 
  CONFIG_HEADERS  = 
  CONFIG_LINKS    = 
  CONFIG_COMMANDS = 
  $ ./config.status fftw/config.h

on certainty-login-0-1

config.status:909: creating fftw/config.h

## ---------------------- ##
## Running config.status. ##
## ---------------------- ##

This file was extended by config.status, which was
generated by GNU Autoconf 2.69.  Invocation command line was

  CONFIG_FILES    = 
  CONFIG_HEADERS  = 
  CONFIG_LINKS    = 
  CONFIG_COMMANDS = 
  $ ./config.status fftw/fftw.h

on certainty-login-0-1

config.status:909: creating fftw/fftw.h

## ---------------------- ##
## Running config.status. ##
## ---------------------- ##

This file was extended by config.status, which was
generated by GNU Autoconf 2.69.  Invocation command line was

  CONFIG_FILES    = 
  CONFIG_HEADERS  = 
  CONFIG_LINKS    = 
  CONFIG_COMMANDS = 
  $ ./config.status rfftw/Makefile depfiles

on certainty-login-0-1

config.status:909: creating rfftw/Makefile
config.status:1012: WARNING:  'rfftw/Makefile.in' seems to ignore the --datarootdir setting
config.status:1131: executing depfiles commands

## ---------------------- ##
## Running config.status. ##
## ---------------------- ##

This file was extended by config.status, which was
generated by GNU Autoconf 2.69.  Invocation command line was

  CONFIG_FILES    = 
  CONFIG_HEADERS  = 
  CONFIG_LINKS    = 
  CONFIG_COMMANDS = 
  $ ./config.status tests/Makefile depfiles

on certainty-login-0-1

config.status:909: creating tests/Makefile
config.status:1012: WARNING:  'tests/Makefile.in' seems to ignore the --datarootdir setting
config.status:1131: executing depfiles commands

## ---------------------- ##
## Running config.status. ##
## ---------------------- ##

This file was extended by config.status, which was
generated by GNU Autoconf 2.69.  Invocation command line was

  CONFIG_FILES    = 
  CONFIG_HEADERS  = 
  CONFIG_LINKS    = 
  CONFIG_COMMANDS = 
  $ ./config.status doc/Makefile

on certainty-login-0-1

config.status:909: creating doc/Makefile
config.status:1012: WARNING:  'doc/Makefile.in' seems to ignore the --datarootdir setting

## ---------------------- ##
## Running config.status. ##
## ---------------------- ##

This file was extended by config.status, which was
generated by GNU Autoconf 2.69.  Invocation command line was

  CONFIG_FILES    = 
  CONFIG_HEADERS  = 
  CONFIG_LINKS    = 
  CONFIG_COMMANDS = 
  $ ./config.status threads/Makefile depfiles

on certainty-login-0-1

config.status:909: creating threads/Makefile
config.status:1012: WARNING:  'threads/Makefile.in' seems to ignore the --datarootdir setting
config.status:1131: executing depfiles commands

## ---------------------- ##
## Running config.status. ##
## ---------------------- ##

This file was extended by config.status, which was
generated by GNU Autoconf 2.69.  Invocation command line was

  CONFIG_FILES    = 
  CONFIG_HEADERS  = 
  CONFIG_LINKS    = 
  CONFIG_COMMANDS = 
  $ ./config.status mpi/Makefile depfiles

on certainty-login-0-1

config.status:909: creating mpi/Makefile
config.status:1012: WARNING:  'mpi/Makefile.in' seems to ignore the --datarootdir setting
config.status:1131: executing depfiles commands
